Starting parallel pool (parpool) using the 'local' profile ...
connected to 12 workers.
CDL-A	10	0	100.00
CDL-A	12	0	100.00
CDL-A	11	0	100.00
CDL-A	8	0	100.00
CDL-A	7	0	100.00
CDL-A	5	0	100.00
CDL-A	4	0	100.00
CDL-A	3	0	100.00
CDL-A	9	0	100.00
CDL-A	2	0	100.00
CDL-A	6	0	23.20
CDL-A	1	0	17.80
CDL-A	12	1	100.00
CDL-A	11	1	100.00
CDL-A	7	1	100.00
CDL-A	8	1	100.00
CDL-A	9	1	100.00
CDL-A	6	1	100.00
CDL-A	5	1	100.00
CDL-A	4	1	100.00
CDL-A	3	1	100.00
CDL-A	2	1	100.00
CDL-A	10	1	100.00
CDL-A	1	1	100.00
CDL-A	9	2	100.00
CDL-A	10	2	100.00
CDL-A	7	2	100.00
CDL-A	11	2	100.00
CDL-A	6	2	100.00
CDL-A	5	2	100.00
CDL-A	4	2	100.00
CDL-A	8	2	100.00
CDL-A	3	2	0.00
CDL-A	2	2	11.70
CDL-A	12	2	100.00
CDL-A	1	2	41.00
CDL-A	8	3	100.00
CDL-A	9	3	100.00
CDL-A	7	3	100.00
CDL-A	6	3	100.00
CDL-A	10	3	100.00
CDL-A	12	3	100.00
CDL-A	4	3	100.00
CDL-A	2	3	100.00
CDL-A	5	3	43.70
CDL-A	3	3	0.30
CDL-A	11	3	100.00
CDL-A	1	3	100.00
CDL-A	6	4	100.00
CDL-A	3	4	100.00
CDL-A	5	4	99.40
CDL-A	4	4	0.00
CDL-A	9	4	100.00
CDL-A	7	4	23.40
CDL-A	8	4	0.00
CDL-A	2	4	0.00
CDL-A	11	4	100.00
CDL-A	12	4	100.00
CDL-A	1	4	85.10
CDL-A	10	4	100.00
CDL-A	9	5	100.00
CDL-A	5	5	100.00
CDL-A	3	5	100.00
CDL-A	4	5	99.60
CDL-A	6	5	0.00
CDL-A	7	5	19.60
CDL-A	2	5	0.00
CDL-A	8	5	100.00
CDL-A	12	5	100.00
CDL-A	11	5	100.00
CDL-A	1	5	100.00
CDL-A	10	5	100.00
CDL-A	5	6	0.00
CDL-A	7	6	0.00
CDL-A	3	6	0.00
CDL-A	4	6	0.00
CDL-A	8	6	0.00
CDL-A	6	6	0.20
CDL-A	9	6	100.00
CDL-A	2	6	0.00
CDL-A	11	6	100.00
CDL-A	12	6	100.00
CDL-A	10	6	100.00
CDL-A	1	6	0.00
CDL-A	11	7	100.00
CDL-A	9	7	100.00
CDL-A	5	7	100.00
CDL-A	3	7	0.00
CDL-A	4	7	0.20
CDL-A	7	7	0.00
CDL-A	6	7	0.00
CDL-A	8	7	0.00
CDL-A	2	7	0.00
CDL-A	12	7	100.00
CDL-A	10	7	100.00
CDL-A	1	7	0.00
CDL-A	8	8	100.00
CDL-A	5	8	0.00
CDL-A	4	8	0.00
CDL-A	3	8	0.00
CDL-A	7	8	0.00
CDL-A	6	8	0.00
CDL-A	9	8	0.00
CDL-A	2	8	0.00
CDL-A	10	8	0.00
CDL-A	12	8	100.00
CDL-A	11	8	100.00
CDL-A	1	8	0.00
CDL-A	5	9	3.00
CDL-A	7	9	0.00
CDL-A	3	9	0.00
CDL-A	4	9	0.00
CDL-A	9	9	0.00
CDL-A	6	9	0.00
CDL-A	8	9	0.00
CDL-A	2	9	0.00
CDL-A	10	9	2.70
CDL-A	11	9	100.00
CDL-A	12	9	100.00
CDL-A	1	9	0.00
CDL-A	5	10	0.00
CDL-A	7	10	0.00
CDL-A	8	10	0.00
CDL-A	4	10	0.00
CDL-A	3	10	0.00
CDL-A	6	10	0.00
CDL-A	9	10	43.70
CDL-A	2	10	0.00
CDL-A	11	10	100.00
CDL-A	1	10	0.00
CDL-A	12	10	100.00
CDL-A	10	10	100.00
CDL-A	5	11	0.00
CDL-A	7	11	0.00
CDL-A	9	11	0.00
CDL-A	8	11	0.00
CDL-A	4	11	0.00
CDL-A	3	11	0.00
CDL-A	6	11	0.00
CDL-A	2	11	0.00
CDL-A	10	11	0.00
CDL-A	1	11	0.00
CDL-A	12	11	14.20
CDL-A	11	11	100.00
CDL-A	5	12	0.00
CDL-A	7	12	0.00
CDL-A	4	12	0.00
CDL-A	3	12	0.00
CDL-A	6	12	0.00
CDL-A	9	12	9.00
CDL-A	2	12	0.00
CDL-A	8	12	100.00
CDL-A	10	12	2.60
CDL-A	12	12	51.90
CDL-A	1	12	0.00
CDL-A	11	12	100.00
CDL-A	5	13	0.00
CDL-A	7	13	0.00
CDL-A	9	13	0.00
CDL-A	8	13	0.00
CDL-A	4	13	0.00
CDL-A	3	13	0.00
CDL-A	6	13	0.00
CDL-A	2	13	0.00
CDL-A	11	13	0.00
CDL-A	10	13	0.90
CDL-A	1	13	0.00
CDL-A	12	13	100.00
CDL-A	9	14	0.00
CDL-A	5	14	0.00
CDL-A	7	14	0.00
CDL-A	8	14	0.00
CDL-A	4	14	0.00
CDL-A	3	14	0.00
CDL-A	6	14	0.00
CDL-A	2	14	0.00
CDL-A	10	14	0.00
CDL-A	12	14	0.00
CDL-A	11	14	3.40
CDL-A	1	14	0.00
CDL-A	5	15	0.00
CDL-A	7	15	0.00
CDL-A	9	15	0.00
CDL-A	6	15	0.00
CDL-A	8	15	0.00
CDL-A	4	15	0.00
CDL-A	3	15	0.00
CDL-A	2	15	0.00
CDL-A	11	15	44.00
CDL-A	10	15	100.00
CDL-A	1	15	0.00
CDL-A	12	15	100.00
CDL-A	9	16	0.00
CDL-A	8	16	0.00
CDL-A	5	16	0.00
CDL-A	7	16	0.00
CDL-A	6	16	0.00
CDL-A	4	16	0.00
CDL-A	3	16	0.00
CDL-A	2	16	0.00
CDL-A	11	16	0.00
CDL-A	12	16	34.60
CDL-A	10	16	59.30
CDL-A	1	16	0.00
CDL-A	9	17	0.00
CDL-A	8	17	0.00
CDL-A	7	17	0.00
CDL-A	5	17	0.00
CDL-A	6	17	0.00
CDL-A	4	17	0.00
CDL-A	3	17	0.00
CDL-A	2	17	0.00
CDL-A	12	17	0.00
CDL-A	10	17	0.00
CDL-A	11	17	3.60
CDL-A	1	17	0.00
CDL-A	8	18	0.00
CDL-A	9	18	0.00
CDL-A	7	18	0.00
CDL-A	5	18	0.00
CDL-A	6	18	0.00
CDL-A	4	18	0.00
CDL-A	3	18	0.00
CDL-A	2	18	0.00
CDL-A	11	18	0.10
CDL-A	10	18	0.10
CDL-A	12	18	99.90
CDL-A	1	18	0.00
CDL-A	9	19	0.00
CDL-A	7	19	0.00
CDL-A	8	19	0.20
CDL-A	5	19	0.00
CDL-A	6	19	0.00
CDL-A	4	19	0.00
CDL-A	3	19	0.00
CDL-A	2	19	0.00
CDL-A	11	19	0.00
CDL-A	10	19	0.00
CDL-A	12	19	0.00
CDL-A	1	19	0.00
CDL-A	9	20	0.00
CDL-A	8	20	0.00
CDL-A	7	20	0.00
CDL-A	5	20	0.00
CDL-A	6	20	0.00
CDL-A	4	20	0.00
CDL-A	3	20	0.00
CDL-A	11	20	0.00
CDL-A	2	20	0.00
CDL-A	10	20	0.00
CDL-A	12	20	0.00
CDL-A	1	20	0.00
CDL-B	8	0	100.00
CDL-B	9	0	100.00
CDL-B	12	0	100.00
CDL-B	7	0	100.00
CDL-B	11	0	100.00
CDL-B	6	0	100.00
CDL-B	10	0	100.00
CDL-B	5	0	100.00
CDL-B	4	0	100.00
CDL-B	3	0	100.00
CDL-B	2	0	100.00
CDL-B	1	0	100.00
CDL-B	8	1	100.00
CDL-B	9	1	100.00
CDL-B	12	1	100.00
CDL-B	7	1	100.00
CDL-B	11	1	100.00
CDL-B	6	1	100.00
CDL-B	10	1	100.00
CDL-B	5	1	100.00
CDL-B	4	1	100.00
CDL-B	3	1	100.00
CDL-B	2	1	58.20
CDL-B	1	1	100.00
CDL-B	12	2	100.00
CDL-B	11	2	100.00
CDL-B	6	2	100.00
CDL-B	10	2	100.00
CDL-B	5	2	100.00
CDL-B	4	2	100.00
CDL-B	7	2	100.00
CDL-B	3	2	100.00
CDL-B	9	2	100.00
CDL-B	8	2	100.00
CDL-B	2	2	7.60
CDL-B	1	2	0.00
CDL-B	7	3	100.00
CDL-B	10	3	100.00
CDL-B	4	3	100.00
CDL-B	3	3	100.00
CDL-B	5	3	0.80
CDL-B	9	3	100.00
CDL-B	6	3	90.70
CDL-B	8	3	100.00
CDL-B	2	3	0.00
CDL-B	11	3	100.00
CDL-B	1	3	92.60
CDL-B	12	3	100.00
CDL-B	11	4	100.00
CDL-B	6	4	100.00
CDL-B	2	4	91.80
CDL-B	5	4	0.30
CDL-B	3	4	0.00
CDL-B	4	4	0.00
CDL-B	9	4	100.00
CDL-B	7	4	98.70
CDL-B	8	4	100.00
CDL-B	12	4	100.00
CDL-B	10	4	100.00
CDL-B	1	4	0.00
CDL-B	11	5	100.00
CDL-B	6	5	100.00
CDL-B	4	5	99.90
CDL-B	5	5	4.00
CDL-B	3	5	6.90
CDL-B	9	5	99.60
CDL-B	7	5	76.00
CDL-B	2	5	0.10
CDL-B	8	5	100.00
CDL-B	12	5	100.00
CDL-B	10	5	100.00
CDL-B	1	5	0.00
CDL-B	5	6	0.00
CDL-B	4	6	0.00
CDL-B	3	6	0.10
CDL-B	7	6	0.00
CDL-B	6	6	0.00
CDL-B	9	6	1.20
CDL-B	2	6	0.00
CDL-B	8	6	100.00
CDL-B	12	6	100.00
CDL-B	11	6	100.00
CDL-B	10	6	100.00
CDL-B	1	6	0.00
CDL-B	5	7	0.00
CDL-B	3	7	0.00
CDL-B	6	7	0.00
CDL-B	4	7	51.50
CDL-B	9	7	100.00
CDL-B	8	7	78.00
CDL-B	2	7	1.00
CDL-B	7	7	100.00
CDL-B	12	7	100.00
CDL-B	11	7	100.00
CDL-B	10	7	100.00
CDL-B	1	7	0.00
CDL-B	5	8	0.00
CDL-B	3	8	0.00
CDL-B	4	8	0.00
CDL-B	8	8	0.00
CDL-B	6	8	0.10
CDL-B	2	8	0.00
CDL-B	7	8	75.90
CDL-B	9	8	95.80
CDL-B	11	8	100.00
CDL-B	12	8	100.00
CDL-B	1	8	0.00
CDL-B	10	8	100.00
CDL-B	5	9	0.00
CDL-B	3	9	0.00
CDL-B	4	9	0.00
CDL-B	7	9	0.10
CDL-B	6	9	0.00
CDL-B	2	9	0.00
CDL-B	9	9	0.80
CDL-B	8	9	15.60
CDL-B	1	9	0.00
CDL-B	11	9	100.00
CDL-B	12	9	100.00
CDL-B	10	9	99.90
CDL-B	5	10	0.00
CDL-B	7	10	0.00
CDL-B	4	10	0.00
CDL-B	3	10	0.00
CDL-B	8	10	0.00
CDL-B	9	10	0.00
CDL-B	6	10	0.00
CDL-B	2	10	0.00
CDL-B	1	10	0.00
CDL-B	11	10	100.00
CDL-B	10	10	100.00
CDL-B	12	10	100.00
CDL-B	5	11	0.00
CDL-B	7	11	0.00
CDL-B	4	11	0.00
CDL-B	3	11	0.00
CDL-B	9	11	0.10
CDL-B	6	11	0.00
CDL-B	8	11	4.60
CDL-B	2	11	0.00
CDL-B	1	11	0.00
CDL-B	11	11	99.80
CDL-B	10	11	100.00
CDL-B	12	11	100.00
CDL-B	5	12	0.00
CDL-B	7	12	0.00
CDL-B	9	12	0.00
CDL-B	4	12	0.00
CDL-B	8	12	0.00
CDL-B	3	12	0.00
CDL-B	6	12	0.00
CDL-B	2	12	0.00
CDL-B	10	12	61.30
CDL-B	1	12	0.00
CDL-B	11	12	99.90
CDL-B	12	12	100.00
CDL-B	5	13	0.00
CDL-B	7	13	0.00
CDL-B	9	13	0.00
CDL-B	8	13	0.00
CDL-B	4	13	0.00
CDL-B	3	13	0.00
CDL-B	6	13	0.00
CDL-B	2	13	0.00
CDL-B	10	13	0.00
CDL-B	1	13	0.00
CDL-B	11	13	100.00
CDL-B	12	13	100.00
CDL-B	5	14	0.00
CDL-B	9	14	0.00
CDL-B	7	14	0.00
CDL-B	8	14	0.00
CDL-B	4	14	0.00
CDL-B	3	14	0.00
CDL-B	6	14	0.00
CDL-B	2	14	0.00
CDL-B	10	14	58.00
CDL-B	1	14	0.00
CDL-B	12	14	83.50
CDL-B	11	14	100.00
CDL-B	5	15	0.00
CDL-B	9	15	0.00
CDL-B	7	15	0.00
CDL-B	8	15	0.00
CDL-B	6	15	0.00
CDL-B	4	15	0.00
CDL-B	3	15	0.00
CDL-B	2	15	0.00
CDL-B	10	15	0.00
CDL-B	11	15	0.10
CDL-B	12	15	1.80
CDL-B	1	15	0.00
CDL-B	9	16	0.00
CDL-B	5	16	0.00
CDL-B	7	16	0.00
CDL-B	8	16	0.00
CDL-B	6	16	0.00
CDL-B	4	16	0.00
CDL-B	3	16	0.00
CDL-B	2	16	0.00
CDL-B	10	16	0.00
CDL-B	11	16	0.40
CDL-B	12	16	30.50
CDL-B	1	16	0.00
CDL-B	9	17	0.00
CDL-B	7	17	0.00
CDL-B	8	17	0.00
CDL-B	5	17	0.00
CDL-B	6	17	0.00
CDL-B	4	17	0.00
CDL-B	3	17	0.00
CDL-B	2	17	0.00
CDL-B	11	17	0.00
CDL-B	10	17	0.00
CDL-B	12	17	8.80
CDL-B	1	17	0.00
CDL-B	9	18	0.00
CDL-B	7	18	0.00
CDL-B	5	18	0.00
CDL-B	8	18	0.00
CDL-B	6	18	0.00
CDL-B	4	18	0.00
CDL-B	3	18	0.00
CDL-B	2	18	0.00
CDL-B	11	18	0.00
CDL-B	10	18	0.00
CDL-B	12	18	37.00
CDL-B	1	18	0.00
CDL-B	9	19	0.00
CDL-B	7	19	0.00
CDL-B	8	19	0.00
CDL-B	5	19	0.00
CDL-B	6	19	0.00
CDL-B	4	19	0.00
CDL-B	3	19	0.00
CDL-B	2	19	0.00
CDL-B	11	19	0.00
CDL-B	10	19	0.00
CDL-B	12	19	0.00
CDL-B	1	19	0.00
CDL-B	9	20	0.00
CDL-B	8	20	0.00
CDL-B	7	20	0.00
CDL-B	5	20	0.00
CDL-B	6	20	0.00
CDL-B	4	20	0.00
CDL-B	3	20	0.00
CDL-B	2	20	0.00
CDL-B	11	20	0.00
CDL-B	12	20	0.00
CDL-B	10	20	0.00
CDL-B	1	20	0.00
CDL-C	8	0	100.00
CDL-C	9	0	100.00
CDL-C	7	0	100.00
CDL-C	12	0	100.00
CDL-C	6	0	100.00
CDL-C	11	0	100.00
CDL-C	10	0	100.00
CDL-C	5	0	100.00
CDL-C	3	0	100.00
CDL-C	4	0	100.00
CDL-C	2	0	9.60
CDL-C	1	0	100.00
CDL-C	8	1	100.00
CDL-C	9	1	100.00
CDL-C	11	1	100.00
CDL-C	6	1	100.00
CDL-C	5	1	100.00
CDL-C	3	1	100.00
CDL-C	2	1	97.70
CDL-C	4	1	29.40
CDL-C	7	1	100.00
CDL-C	12	1	100.00
CDL-C	10	1	100.00
CDL-C	1	1	100.00
CDL-C	8	2	100.00
CDL-C	9	2	100.00
CDL-C	7	2	100.00
CDL-C	5	2	99.80
CDL-C	3	2	94.30
CDL-C	4	2	0.20
CDL-C	6	2	5.30
CDL-C	2	2	0.00
CDL-C	12	2	100.00
CDL-C	10	2	100.00
CDL-C	11	2	100.00
CDL-C	1	2	0.00
CDL-C	8	3	100.00
CDL-C	7	3	100.00
CDL-C	6	3	100.00
CDL-C	9	3	100.00
CDL-C	4	3	100.00
CDL-C	2	3	99.90
CDL-C	5	3	0.60
CDL-C	3	3	0.00
CDL-C	11	3	100.00
CDL-C	12	3	100.00
CDL-C	10	3	100.00
CDL-C	1	3	0.00
CDL-C	9	4	100.00
CDL-C	6	4	99.90
CDL-C	5	4	0.00
CDL-C	4	4	0.00
CDL-C	3	4	0.00
CDL-C	8	4	100.00
CDL-C	7	4	96.50
CDL-C	2	4	0.40
CDL-C	12	4	100.00
CDL-C	11	4	100.00
CDL-C	10	4	100.00
CDL-C	1	4	33.90
CDL-C	5	5	0.00
CDL-C	4	5	0.00
CDL-C	9	5	100.00
CDL-C	3	5	9.70
CDL-C	6	5	0.00
CDL-C	7	5	13.80
CDL-C	8	5	38.80
CDL-C	2	5	0.00
CDL-C	11	5	100.00
CDL-C	12	5	100.00
CDL-C	10	5	100.00
CDL-C	1	5	0.00
CDL-C	5	6	100.00
CDL-C	4	6	0.00
CDL-C	3	6	0.00
CDL-C	7	6	0.00
CDL-C	9	6	0.00
CDL-C	6	6	1.50
CDL-C	2	6	0.00
CDL-C	8	6	99.90
CDL-C	12	6	100.00
CDL-C	11	6	100.00
CDL-C	10	6	100.00
CDL-C	1	6	0.00
CDL-C	5	7	0.00
CDL-C	4	7	0.00
CDL-C	3	7	0.00
CDL-C	7	7	0.00
CDL-C	8	7	0.00
CDL-C	9	7	100.00
CDL-C	6	7	51.60
CDL-C	2	7	0.00
CDL-C	12	7	100.00
CDL-C	11	7	100.00
CDL-C	10	7	100.00
CDL-C	1	7	0.00
CDL-C	5	8	0.00
CDL-C	7	8	0.00
CDL-C	4	8	0.00
CDL-C	3	8	0.00
CDL-C	6	8	0.00
CDL-C	9	8	0.10
CDL-C	8	8	96.50
CDL-C	2	8	0.50
CDL-C	12	8	100.00
CDL-C	11	8	100.00
CDL-C	10	8	100.00
CDL-C	1	8	0.00
CDL-C	5	9	0.00
CDL-C	4	9	0.00
CDL-C	7	9	0.00
CDL-C	8	9	0.10
CDL-C	3	9	0.00
CDL-C	6	9	0.00
CDL-C	9	9	77.90
CDL-C	2	9	0.00
CDL-C	10	9	0.80
CDL-C	11	9	100.00
CDL-C	12	9	100.00
CDL-C	1	9	0.00
CDL-C	5	10	0.00
CDL-C	4	10	0.00
CDL-C	7	10	0.00
CDL-C	8	10	0.00
CDL-C	3	10	0.00
CDL-C	9	10	26.60
CDL-C	2	10	0.00
CDL-C	6	10	97.10
CDL-C	10	10	0.00
CDL-C	11	10	0.00
CDL-C	1	10	0.00
CDL-C	12	10	100.00
CDL-C	5	11	0.00
CDL-C	7	11	0.00
CDL-C	4	11	0.00
CDL-C	9	11	0.00
CDL-C	3	11	0.00
CDL-C	8	11	0.00
CDL-C	6	11	0.00
CDL-C	2	11	0.00
CDL-C	10	11	0.60
CDL-C	12	11	0.20
CDL-C	1	11	0.00
CDL-C	11	11	100.00
CDL-C	5	12	0.00
CDL-C	7	12	0.00
CDL-C	4	12	0.00
CDL-C	9	12	0.00
CDL-C	6	12	0.00
CDL-C	3	12	0.00
CDL-C	8	12	0.00
CDL-C	2	12	0.00
CDL-C	12	12	0.00
CDL-C	10	12	0.00
CDL-C	1	12	0.00
CDL-C	11	12	100.00
CDL-C	5	13	0.00
CDL-C	7	13	0.00
CDL-C	9	13	0.00
CDL-C	8	13	0.00
CDL-C	4	13	0.00
CDL-C	6	13	0.00
CDL-C	3	13	0.00
CDL-C	2	13	0.00
CDL-C	11	13	0.10
CDL-C	10	13	0.30
CDL-C	1	13	0.00
CDL-C	12	13	100.00
CDL-C	5	14	0.00
CDL-C	9	14	0.00
CDL-C	7	14	0.00
CDL-C	6	14	0.00
CDL-C	8	14	0.00
CDL-C	4	14	0.00
CDL-C	3	14	0.00
CDL-C	2	14	0.00
CDL-C	11	14	0.00
CDL-C	10	14	0.00
CDL-C	12	14	0.00
CDL-C	1	14	0.00
CDL-C	5	15	0.00
CDL-C	7	15	0.00
CDL-C	9	15	0.00
CDL-C	8	15	0.00
CDL-C	6	15	0.00
CDL-C	4	15	0.00
CDL-C	3	15	0.00
CDL-C	2	15	0.00
CDL-C	10	15	0.00
CDL-C	12	15	0.00
CDL-C	11	15	0.50
CDL-C	1	15	0.00
CDL-C	8	16	0.00
CDL-C	7	16	0.00
CDL-C	5	16	0.00
CDL-C	9	16	0.00
CDL-C	6	16	0.00
CDL-C	4	16	0.00
CDL-C	3	16	0.00
CDL-C	2	16	0.00
CDL-C	11	16	0.20
CDL-C	12	16	72.10
CDL-C	1	16	0.00
CDL-C	10	16	100.00
CDL-C	7	17	0.00
CDL-C	9	17	0.00
CDL-C	8	17	0.00
CDL-C	5	17	0.00
CDL-C	6	17	0.00
CDL-C	4	17	0.00
CDL-C	3	17	0.00
CDL-C	2	17	0.00
CDL-C	11	17	0.00
CDL-C	12	17	0.00
CDL-C	10	17	98.70
CDL-C	1	17	0.00
CDL-C	9	18	0.00
CDL-C	8	18	0.00
CDL-C	7	18	0.00
CDL-C	5	18	0.00
CDL-C	6	18	0.00
CDL-C	4	18	0.00
CDL-C	3	18	0.00
CDL-C	2	18	0.00
CDL-C	10	18	0.00
CDL-C	11	18	0.10
CDL-C	12	18	100.00
CDL-C	1	18	0.00
CDL-C	9	19	0.00
CDL-C	8	19	0.00
CDL-C	7	19	0.00
CDL-C	5	19	0.00
CDL-C	6	19	0.00
CDL-C	4	19	0.00
CDL-C	3	19	0.00
CDL-C	11	19	0.00
CDL-C	10	19	0.00
CDL-C	2	19	0.00
CDL-C	12	19	0.00
CDL-C	1	19	0.00
CDL-C	9	20	0.00
CDL-C	8	20	0.00
CDL-C	7	20	0.00
CDL-C	5	20	0.00
CDL-C	6	20	0.00
CDL-C	4	20	0.00
CDL-C	3	20	0.00
CDL-C	11	20	0.00
CDL-C	12	20	0.00
CDL-C	10	20	0.00
CDL-C	2	20	0.00
CDL-C	1	20	0.00
CDL-D	9	0	100.00
CDL-D	8	0	100.00
CDL-D	6	0	100.00
CDL-D	10	0	100.00
CDL-D	3	0	100.00
CDL-D	11	0	100.00
CDL-D	4	0	94.80
CDL-D	5	0	80.90
CDL-D	7	0	98.70
CDL-D	2	0	0.90
CDL-D	12	0	100.00
CDL-D	1	0	90.00
CDL-D	11	1	100.00
CDL-D	10	1	100.00
CDL-D	7	1	100.00
CDL-D	5	1	0.00
CDL-D	9	1	100.00
CDL-D	4	1	7.10
CDL-D	8	1	100.00
CDL-D	3	1	34.50
CDL-D	6	1	0.30
CDL-D	2	1	2.00
CDL-D	1	1	100.00
CDL-D	12	1	100.00
CDL-D	8	2	100.00
CDL-D	5	2	0.00
CDL-D	4	2	0.70
CDL-D	9	2	100.00
CDL-D	3	2	0.00
CDL-D	7	2	0.00
CDL-D	6	2	0.00
CDL-D	2	2	0.00
CDL-D	11	2	100.00
CDL-D	10	2	100.00
CDL-D	12	2	100.00
CDL-D	1	2	0.00
CDL-D	5	3	2.30
CDL-D	4	3	0.00
CDL-D	3	3	0.10
CDL-D	9	3	99.30
CDL-D	6	3	0.00
CDL-D	7	3	0.40
CDL-D	2	3	0.00
CDL-D	8	3	99.70
CDL-D	11	3	100.00
CDL-D	12	3	100.00
CDL-D	10	3	100.00
CDL-D	1	3	0.00
CDL-D	5	4	0.00
CDL-D	4	4	0.00
CDL-D	3	4	0.00
CDL-D	7	4	0.00
CDL-D	6	4	0.10
CDL-D	9	4	0.00
CDL-D	2	4	0.00
CDL-D	8	4	0.00
CDL-D	1	4	98.90
CDL-D	11	4	100.00
CDL-D	12	4	100.00
CDL-D	10	4	99.90
CDL-D	5	5	0.00
CDL-D	4	5	0.00
CDL-D	3	5	0.00
CDL-D	6	5	0.00
CDL-D	7	5	0.00
CDL-D	2	5	0.00
CDL-D	9	5	0.00
CDL-D	8	5	0.00
CDL-D	12	5	100.00
CDL-D	11	5	100.00
CDL-D	10	5	0.30
CDL-D	1	5	0.00
CDL-D	5	6	0.00
CDL-D	4	6	0.00
CDL-D	3	6	0.00
CDL-D	6	6	0.00
CDL-D	7	6	0.00
CDL-D	8	6	0.00
CDL-D	2	6	0.00
CDL-D	9	6	0.00
CDL-D	12	6	100.00
CDL-D	11	6	100.00
CDL-D	10	6	0.00
CDL-D	1	6	0.00
CDL-D	5	7	0.00
CDL-D	4	7	0.00
CDL-D	3	7	0.00
CDL-D	7	7	0.00
CDL-D	6	7	0.00
CDL-D	8	7	0.00
CDL-D	2	7	0.00
CDL-D	9	7	0.00
CDL-D	10	7	0.00
CDL-D	12	7	100.00
CDL-D	1	7	0.00
CDL-D	11	7	1.50
CDL-D	5	8	0.00
CDL-D	4	8	0.00
CDL-D	3	8	0.00
CDL-D	7	8	0.00
CDL-D	8	8	0.00
CDL-D	6	8	0.00
CDL-D	9	8	0.00
CDL-D	2	8	0.00
CDL-D	10	8	0.00
CDL-D	1	8	0.00
CDL-D	11	8	0.10
CDL-D	12	8	14.00
CDL-D	5	9	0.00
CDL-D	4	9	0.00
CDL-D	3	9	0.00
CDL-D	7	9	0.00
CDL-D	9	9	0.00
CDL-D	6	9	0.00
CDL-D	8	9	0.00
CDL-D	2	9	0.00
CDL-D	10	9	0.00
CDL-D	1	9	0.00
CDL-D	11	9	0.00
CDL-D	12	9	2.70
CDL-D	5	10	0.00
CDL-D	4	10	0.00
CDL-D	7	10	0.00
CDL-D	3	10	0.00
CDL-D	9	10	0.00
CDL-D	6	10	0.00
CDL-D	8	10	0.00
CDL-D	2	10	0.00
CDL-D	10	10	0.00
CDL-D	11	10	0.00
CDL-D	1	10	0.00
CDL-D	12	10	0.00
CDL-D	5	11	0.00
CDL-D	4	11	0.00
CDL-D	7	11	0.00
CDL-D	3	11	0.00
CDL-D	6	11	0.00
CDL-D	8	11	0.00
CDL-D	9	11	0.00
CDL-D	2	11	0.00
CDL-D	10	11	0.00
CDL-D	11	11	0.00
CDL-D	1	11	0.00
CDL-D	12	11	0.00
CDL-D	5	12	0.00
CDL-D	4	12	0.00
CDL-D	7	12	0.00
CDL-D	3	12	0.00
CDL-D	9	12	0.00
CDL-D	6	12	0.00
CDL-D	8	12	0.00
CDL-D	2	12	0.00
CDL-D	10	12	0.00
CDL-D	11	12	0.00
CDL-D	12	12	0.00
CDL-D	1	12	0.00
CDL-D	5	13	0.00
CDL-D	4	13	0.00
CDL-D	7	13	0.00
CDL-D	9	13	0.00
CDL-D	6	13	0.00
CDL-D	3	13	0.00
CDL-D	8	13	0.00
CDL-D	2	13	0.00
CDL-D	10	13	0.00
CDL-D	11	13	0.00
CDL-D	12	13	0.00
CDL-D	1	13	0.00
CDL-D	9	14	0.00
CDL-D	5	14	0.00
CDL-D	8	14	0.00
CDL-D	7	14	0.00
CDL-D	4	14	0.00
CDL-D	6	14	0.00
CDL-D	3	14	0.00
CDL-D	2	14	0.00
CDL-D	11	14	0.00
CDL-D	10	14	0.00
CDL-D	12	14	0.00
CDL-D	1	14	0.00
CDL-D	9	15	0.00
CDL-D	5	15	0.00
CDL-D	7	15	0.00
CDL-D	8	15	0.00
CDL-D	6	15	0.00
CDL-D	4	15	0.00
CDL-D	3	15	0.00
CDL-D	2	15	0.00
CDL-D	10	15	0.00
CDL-D	11	15	0.00
CDL-D	12	15	0.00
CDL-D	1	15	0.00
CDL-D	9	16	0.00
CDL-D	5	16	0.00
CDL-D	7	16	0.00
CDL-D	8	16	0.00
CDL-D	6	16	0.00
CDL-D	4	16	0.00
CDL-D	3	16	0.00
CDL-D	2	16	0.00
CDL-D	11	16	0.00
CDL-D	10	16	0.00
CDL-D	12	16	0.00
CDL-D	1	16	0.00
CDL-D	9	17	0.00
CDL-D	5	17	0.00
CDL-D	7	17	0.00
CDL-D	8	17	0.00
CDL-D	6	17	0.00
CDL-D	4	17	0.00
CDL-D	3	17	0.00
CDL-D	2	17	0.00
CDL-D	11	17	0.00
CDL-D	10	17	0.00
CDL-D	12	17	0.00
CDL-D	1	17	0.00
CDL-D	9	18	0.00
CDL-D	5	18	0.00
CDL-D	7	18	0.00
CDL-D	8	18	0.00
CDL-D	6	18	0.00
CDL-D	4	18	0.00
CDL-D	3	18	0.00
CDL-D	2	18	0.00
CDL-D	11	18	0.00
CDL-D	10	18	0.00
CDL-D	12	18	0.00
CDL-D	1	18	0.00
CDL-D	9	19	0.00
CDL-D	5	19	0.00
CDL-D	7	19	0.00
CDL-D	8	19	0.00
CDL-D	6	19	0.00
CDL-D	4	19	0.00
CDL-D	3	19	0.00
CDL-D	2	19	0.00
CDL-D	11	19	0.00
CDL-D	10	19	0.00
CDL-D	12	19	0.00
CDL-D	1	19	0.00
CDL-D	9	20	0.00
CDL-D	7	20	0.00
CDL