Starting parallel pool (parpool) using the 'local' profile ...
{Operation terminated by user during parallel.internal.cluster.CJSJobMixin/hBuildChild (line 37)


In parallel.internal.cluster.CJSSupport/getChildren (line 408)
                    newchild = parent.hBuildChild( variants{ii}, childID, childSId );

In parallel.internal.cluster.CJSSupport>@(x,y)obj.getChildren(x,y{:},emptyTaskList,variantToForce) (line 526)
            tl = arrayfun( @(x, y) obj.getChildren( ...

In parallel.internal.cluster.CJSSupport/getTasks (line 526)
            tl = arrayfun( @(x, y) obj.getChildren( ...

In parallel.internal.cluster.CJSJobMixin/getTasks (line 30)
                tl = obj.Support.getTasks( obj, obj.hGetSupportID() );

In parallel.Job/get.Tasks (line 222)
                tl = obj.getTasks();

In parallel.internal.cluster.CJSJobMethods.getJobStateFromTasks (line 148)
                stateFromTasks = iDeriveJobStateFromTasks( job.Tasks );

In parallel.internal.cluster.CJSJobMixin/hGetStateFromTasks (line 48)
            s = CJSJobMethods.getJobStateFromTasks( job );

In parallel.cluster.CJSCluster/hGetJobState (line 272)
            stateFromTasks = job.hGetStateFromTasks();

In parallel.internal.cluster.CJSJobMixin/getStateEnum (line 150)
                s{ii} = cluster.hGetJobState( thisJob, thisJob.hGetProperty( 'StateEnum' ) );

In parallel.Job/get.StateEnum (line 238)
            se = obj.getStateEnum();

In parallel.Job/get.State (line 230)
            s = obj.StateEnum.Name;

In parallel.internal.customattr.CustomGetSet>iVectorisedGetHelper (line 117)
            val = {obj.(name)}';

In parallel.internal.customattr.CustomGetSet>@(a,b,c)iVectorisedGetHelper(obj,a,b,c) (line 91)
            helperFunc = @(a,b,c) iVectorisedGetHelper(obj,a,b,c);

In parallel.internal.customattr.CustomGetSet/doVectorisedGet (line 92)
            [values, handled] = cellfun( helperFunc, propsToAccess, handled, existingValues, ...

In parallel.internal.customattr.CustomGetSet/hVectorisedGet (line 65)
            [values, handled] = obj.doVectorisedGet( propsToAccess, handled, values );

In parallel.internal.customattr.GetSetImpl>iAccessProperties (line 322)
        v = hVectorisedGet( obj, name, handled, existingValue );

In parallel.internal.customattr.GetSetImpl>iGetAllPropertiesVec (line 264)
    vals_access  = iAccessProperties( objOrObjs, propsToAccess, ...

In parallel.internal.customattr.GetSetImpl.getImpl (line 133)
                    vcell = iGetAllPropertiesVec( objOrObjs, propsToGet, propsToAccess, ...

In parallel.internal.customattr.CustomGetSet/get (line 30)
                vcell = GetSetImpl.getImpl( varargin{:} );

In parallel.internal.pool.InteractiveClient/pRemoveOldJobs (line 474)
            state = jobs.get({'State'});

In parallel.internal.pool.InteractiveClient/start (line 315)
                    obj.pRemoveOldJobs(sched);

In parallel.Pool>iStartClient (line 791)
spmdInitialized = client.start(poolType , numWorkers, cluster, ...

In parallel.Pool.hBuildPool (line 585)
                iStartClient(client, 'pool', cluster, guiMode, supportRestart, argsList);

In parallel.internal.pool.doParpool (line 18)
    pool = parallel.Pool.hBuildPool(constructorArgs{:});

In parpool (line 98)
    pool = parallel.internal.pool.doParpool(varargin{:});

In parallel.internal.pool.PoolArrayManager.getOrAutoCreateWithCleanup (line 60)
                        cleanPool = parpool(varargin{:});

In pctTryCreatePoolIfNecessary (line 23)
    pool = parallel.internal.pool.PoolArrayManager.getOrAutoCreateWithCleanup();

In distcomp.remoteparfor.tryRemoteParfor

In parallel_function (line 433)
    [isPoolRunning, pool] = distcomp.remoteparfor.tryRemoteParfor();

In main_BER_table (line 18)
        parfor MCS = 1 : 12
} 
clear all
!hostname
Iota
clc
main_BER_table
Starting parallel pool (parpool) using the 'local' profile ...
connected to 12 workers.
CDL-A	7	0	100.00
CDL-A	6	0	100.00
CDL-A	8	0	100.00
CDL-A	9	0	100.00
CDL-A	10	0	100.00
CDL-A	12	0	100.00
CDL-A	11	0	100.00
CDL-A	5	0	100.00
CDL-A	4	0	100.00
CDL-A	3	0	99.20
CDL-A	2	0	98.80
CDL-A	1	0	96.60
CDL-A	9	1	100.00
CDL-A	7	1	100.00
CDL-A	8	1	100.00
CDL-A	6	1	99.85
CDL-A	5	1	99.90
CDL-A	11	1	100.00
CDL-A	10	1	100.00
CDL-A	12	1	100.00
CDL-A	4	1	84.50
CDL-A	3	1	79.70
CDL-A	2	1	77.40
CDL-A	1	1	71.30
CDL-A	9	2	100.00
CDL-A	8	2	100.00
CDL-A	7	2	100.00
CDL-A	6	2	55.60
CDL-A	5	2	59.35
CDL-A	11	2	100.00
CDL-A	10	2	100.00
CDL-A	12	2	100.00
CDL-A	4	2	47.80
CDL-A	3	2	49.80
CDL-A	2	2	50.05
CDL-A	1	2	57.50
CDL-A	9	3	100.00
CDL-A	7	3	62.90
CDL-A	8	3	100.00
CDL-A	6	3	46.75
CDL-A	5	3	41.25
CDL-A	4	3	40.00
CDL-A	11	3	100.00
CDL-A	12	3	100.00
CDL-A	10	3	100.00
CDL-A	3	3	38.55
CDL-A	2	3	37.20
CDL-A	1	3	40.75
CDL-A	9	4	100.00
CDL-A	6	4	40.20
CDL-A	7	4	41.75
CDL-A	8	4	98.20
CDL-A	5	4	35.65
CDL-A	4	4	34.30
CDL-A	11	4	100.00
CDL-A	12	4	100.00
CDL-A	10	4	100.00
CDL-A	3	4	29.25
CDL-A	2	4	26.15
CDL-A	1	4	26.00
CDL-A	6	5	25.25
CDL-A	9	5	97.35
CDL-A	7	5	31.20
CDL-A	5	5	23.45
CDL-A	8	5	43.40
CDL-A	4	5	19.50
CDL-A	3	5	14.80
CDL-A	11	5	100.00
CDL-A	12	5	100.00
CDL-A	10	5	100.00
CDL-A	2	5	12.15
CDL-A	1	5	14.45
CDL-A	6	6	12.75
CDL-A	5	6	13.50
CDL-A	7	6	20.25
CDL-A	4	6	6.90
CDL-A	9	6	44.70
CDL-A	8	6	28.85
CDL-A	3	6	2.55
CDL-A	12	6	100.00
CDL-A	11	6	100.00
CDL-A	2	6	1.85
CDL-A	10	6	100.00
CDL-A	1	6	4.35
CDL-A	6	7	3.90
CDL-A	5	7	6.30
CDL-A	7	7	15.75
CDL-A	4	7	0.10
CDL-A	8	7	22.80
CDL-A	9	7	27.50
CDL-A	3	7	0.00
CDL-A	2	7	0.00
CDL-A	12	7	100.00
CDL-A	11	7	100.00
CDL-A	10	7	100.00
CDL-A	1	7	0.00
CDL-A	7	8	11.60
CDL-A	6	8	0.25
CDL-A	5	8	0.45
CDL-A	4	8	0.00
CDL-A	8	8	18.30
CDL-A	9	8	21.70
CDL-A	3	8	0.00
CDL-A	2	8	0.00
CDL-A	12	8	100.00
CDL-A	11	8	100.00
CDL-A	10	8	93.35
CDL-A	1	8	0.00
CDL-A	7	9	3.40
CDL-A	6	9	0.00
CDL-A	5	9	0.00
CDL-A	8	9	14.65
CDL-A	9	9	17.75
CDL-A	4	9	0.00
CDL-A	3	9	0.00
CDL-A	2	9	0.00
CDL-A	10	9	55.65
CDL-A	11	9	100.00
CDL-A	12	9	100.00
CDL-A	1	9	0.00
CDL-A	7	10	0.15
CDL-A	6	10	0.00
CDL-A	5	10	0.00
CDL-A	9	10	14.90
CDL-A	8	10	10.90
CDL-A	4	10	0.00
CDL-A	3	10	0.00
CDL-A	2	10	0.00
CDL-A	10	10	30.60
CDL-A	11	10	87.20
CDL-A	12	10	100.00
CDL-A	1	10	0.00
CDL-A	7	11	0.00
CDL-A	6	11	0.00
CDL-A	9	11	11.00
CDL-A	8	11	3.70
CDL-A	5	11	0.00
CDL-A	4	11	0.00
CDL-A	3	11	0.00
CDL-A	2	11	0.00
CDL-A	10	11	22.50
CDL-A	11	11	63.55
CDL-A	12	11	99.50
CDL-A	1	11	0.00
CDL-A	7	12	0.00
CDL-A	6	12	0.00
CDL-A	9	12	4.20
CDL-A	8	12	0.50
CDL-A	5	12	0.00
CDL-A	4	12	0.00
CDL-A	3	12	0.00
CDL-A	2	12	0.00
CDL-A	10	12	18.35
CDL-A	11	12	38.80
CDL-A	12	12	79.60
CDL-A	1	12	0.00
CDL-A	7	13	0.00
CDL-A	9	13	0.35
CDL-A	6	13	0.00
CDL-A	8	13	0.00
CDL-A	5	13	0.00
CDL-A	4	13	0.00
CDL-A	3	13	0.00
CDL-A	10	13	15.95
CDL-A	2	13	0.00
CDL-A	11	13	23.75
CDL-A	12	13	62.75
CDL-A	1	13	0.00
CDL-A	7	14	0.00
CDL-A	9	14	0.00
CDL-A	6	14	0.00
CDL-A	8	14	0.00
CDL-A	5	14	0.00
CDL-A	4	14	0.00
CDL-A	3	14	0.00
CDL-A	10	14	13.85
CDL-A	11	14	18.15
CDL-A	2	14	0.00
CDL-A	12	14	44.80
CDL-A	1	14	0.00
CDL-A	9	15	0.05
CDL-A	7	15	0.00
CDL-A	6	15	0.00
CDL-A	8	15	0.00
CDL-A	5	15	0.00
CDL-A	4	15	0.00
CDL-A	3	15	0.00
CDL-A	10	15	12.40
CDL-A	11	15	16.05
CDL-A	12	15	27.65
CDL-A	2	15	0.00
CDL-A	1	15	0.00
CDL-A	7	16	0.00
CDL-A	9	16	0.00
CDL-A	8	16	0.00
CDL-A	6	16	0.00
CDL-A	5	16	0.00
CDL-A	4	16	0.00
CDL-A	3	16	0.00
CDL-A	10	16	8.25
CDL-A	11	16	14.15
CDL-A	12	16	19.05
CDL-A	2	16	0.00
CDL-A	1	16	0.00
CDL-A	9	17	0.00
CDL-A	7	17	0.00
CDL-A	6	17	0.00
CDL-A	8	17	0.00
CDL-A	5	17	0.00
CDL-A	4	17	0.00
CDL-A	10	17	3.50
CDL-A	11	17	12.70
CDL-A	3	17	0.00
CDL-A	12	17	16.20
CDL-A	2	17	0.00
CDL-A	1	17	0.00
CDL-A	9	18	0.00
CDL-A	7	18	0.00
CDL-A	6	18	0.00
CDL-A	8	18	0.00
CDL-A	5	18	0.00
CDL-A	4	18	0.00
CDL-A	11	18	10.40
CDL-A	10	18	1.00
CDL-A	3	18	0.00
CDL-A	12	18	14.30
CDL-A	2	18	0.00
CDL-A	1	18	0.00
CDL-A	9	19	0.00
CDL-A	7	19	0.00
CDL-A	6	19	0.00
CDL-A	8	19	0.00
CDL-A	5	19	0.00
CDL-A	4	19	0.00
CDL-A	11	19	6.40
CDL-A	10	19	0.20
CDL-A	12	19	13.05
CDL-A	3	19	0.00
CDL-A	2	19	0.00
CDL-A	1	19	0.00
CDL-A	9	20	0.00
CDL-A	7	20	0.00
CDL-A	8	20	0.00
CDL-A	6	20	0.00
CDL-A	5	20	0.00
CDL-A	4	20	0.00
CDL-A	10	20	0.10
CDL-A	11	20	3.05
CDL-A	12	20	11.35
CDL-A	3	20	0.00
CDL-A	2	20	0.00
CDL-A	1	20	0.00
CDL-B	8	0	100.00
CDL-B	6	0	100.00
CDL-B	7	0	100.00
CDL-B	9	0	100.00
CDL-B	11	0	100.00
CDL-B	10	0	100.00
CDL-B	12	0	100.00
CDL-B	5	0	100.00
CDL-B	4	0	100.00
CDL-B	3	0	100.00
CDL-B	2	0	100.00
CDL-B	1	0	100.00
CDL-B	8	1	100.00
CDL-B	7	1	100.00
CDL-B	9	1	100.00
CDL-B	6	1	100.00
CDL-B	11	1	100.00
CDL-B	12	1	100.00
CDL-B	10	1	100.00
CDL-B	5	1	100.00
CDL-B	4	1	100.00
CDL-B	3	1	100.00
CDL-B	2	1	100.00
CDL-B	1	1	97.45
CDL-B	9	2	100.00
CDL-B	7	2	100.00
CDL-B	8	2	100.00
CDL-B	6	2	100.00
CDL-B	11	2	100.00
CDL-B	12	2	100.00
CDL-B	10	2	100.00
CDL-B	5	2	100.00
CDL-B	4	2	100.00
CDL-B	3	2	97.20
CDL-B	2	2	95.15
CDL-B	1	2	85.60
CDL-B	9	3	100.00
CDL-B	5	3	100.00
CDL-B	7	3	100.00
CDL-B	8	3	100.00
CDL-B	6	3	100.00
CDL-B	4	3	98.65
CDL-B	3	3	89.35
CDL-B	11	3	100.00
CDL-B	10	3	100.00
CDL-B	12	3	100.00
CDL-B	2	3	78.30
CDL-B	1	3	67.05
CDL-B	9	4	100.00
CDL-B	5	4	99.90
CDL-B	7	4	100.00
CDL-B	4	4	93.20
CDL-B	8	4	100.00
CDL-B	6	4	97.40
CDL-B	3	4	84.15
CDL-B	11	4	100.00
CDL-B	2	4	60.45
CDL-B	12	4	100.00
CDL-B	10	4	100.00
CDL-B	1	4	49.00
CDL-B	5	5	96.70
CDL-B	9	5	100.00
CDL-B	7	5	100.00
CDL-B	4	5	87.70
CDL-B	8	5	100.00
CDL-B	6	5	92.35
CDL-B	3	5	64.45
CDL-B	2	5	42.55
CDL-B	11	5	100.00
CDL-B	12	5	100.00
CDL-B	10	5	100.00
CDL-B	1	5	26.80
CDL-B	5	6	92.15
CDL-B	9	6	100.00
CDL-B	4	6	78.95
CDL-B	7	6	99.90
CDL-B	6	6	88.20
CDL-B	8	6	100.00
CDL-B	3	6	52.35
CDL-B	2	6	31.60
CDL-B	12	6	100.00
CDL-B	11	6	100.00
CDL-B	10	6	100.00
CDL-B	1	6	11.40
CDL-B	5	7	84.90
CDL-B	4	7	72.60
CDL-B	9	7	100.00
CDL-B	7	7	97.00
CDL-B	6	7	83.15
CDL-B	3	7	43.55
CDL-B	8	7	100.00
CDL-B	2	7	25.55
CDL-B	12	7	100.00
CDL-B	11	7	100.00
CDL-B	10	7	100.00
CDL-B	1	7	5.90
CDL-B	5	8	78.10
CDL-B	4	8	68.60
CDL-B	9	8	100.00
CDL-B	7	8	93.95
CDL-B	6	8	77.80
CDL-B	3	8	38.10
CDL-B	8	8	100.00
CDL-B	2	8	24.45
CDL-B	11	8	100.00
CDL-B	12	8	100.00
CDL-B	10	8	100.00
CDL-B	1	8	5.45
CDL-B	5	9	73.25
CDL-B	4	9	65.75
CDL-B	9	9	100.00
CDL-B	6	9	75.55
CDL-B	7	9	90.35
CDL-B	3	9	34.85
CDL-B	8	9	100.00
CDL-B	2	9	22.20
CDL-B	11	9	100.00
CDL-B	12	9	100.00
CDL-B	10	9	100.00
CDL-B	1	9	6.20
CDL-B	5	10	71.30
CDL-B	4	10	63.85
CDL-B	6	10	73.50
CDL-B	3	10	32.00
CDL-B	7	10	85.85
CDL-B	9	10	100.00
CDL-B	8	10	99.95
CDL-B	2	10	22.00
CDL-B	11	10	100.00
CDL-B	10	10	100.00
CDL-B	12	10	100.00
CDL-B	1	10	6.35
CDL-B	5	11	69.35
CDL-B	4	11	62.35
CDL-B	6	11	71.95
CDL-B	7	11	81.95
CDL-B	3	11	30.60
CDL-B	9	11	100.00
CDL-B	8	11	99.45
CDL-B	2	11	22.05
CDL-B	11	11	100.00
CDL-B	10	11	100.00
CDL-B	12	11	100.00
CDL-B	1	11	8.45
CDL-B	5	12	68.50
CDL-B	4	12	60.40
CDL-B	6	12	71.85
CDL-B	7	12	81.25
CDL-B	3	12	32.40
CDL-B	9	12	100.00
CDL-B	8	12	98.80
CDL-B	2	12	25.70
CDL-B	11	12	100.00
CDL-B	10	12	100.00
CDL-B	12	12	100.00
CDL-B	1	12	11.35
CDL-B	5	13	68.45
CDL-B	4	13	60.75
CDL-B	6	13	71.50
CDL-B	7	13	80.45
CDL-B	9	13	100.00
CDL-B	3	13	40.85
CDL-B	8	13	96.85
CDL-B	2	13	32.65
CDL-B	11	13	100.00
CDL-B	10	13	100.00
CDL-B	12	13	100.00
CDL-B	1	13	19.45
CDL-B	5	14	70.25
CDL-B	4	14	61.80
CDL-B	6	14	73.45
CDL-B	7	14	80.55
CDL-B	9	14	99.90
CDL-B	3	14	55.35
CDL-B	8	14	94.95
CDL-B	2	14	47.65
CDL-B	11	14	100.00
CDL-B	10	14	100.00
CDL-B	12	14	100.00
CDL-B	1	14	33.15
CDL-B	5	15	72.35
CDL-B	4	15	64.60
CDL-B	6	15	75.50
CDL-B	7	15	81.25
CDL-B	9	15	99.95
CDL-B	3	15	66.05
CDL-B	8	15	94.25
CDL-B	2	15	63.60
CDL-B	11	15	100.00
CDL-B	10	15	100.00
CDL-B	12	15	100.00
CDL-B	1	15	48.60
CDL-B	5	16	76.45
CDL-B	4	16	70.05
CDL-B	6	16	79.45
CDL-B	7	16	83.75
CDL-B	9	16	99.50
CDL-B	3	16	73.90
CDL-B	8	16	94.45
CDL-B	2	16	73.80
CDL-B	11	16	100.00
CDL-B	10	16	100.00
CDL-B	12	16	100.00
CDL-B	1	16	60.10
CDL-B	5	17	83.65
CDL-B	4	17	75.55
CDL-B	6	17	84.60
CDL-B	7	17	90.40
CDL-B	9	17	99.60
CDL-B	8	17	95.20
CDL-B	3	17	79.75
CDL-B	2	17	78.55
CDL-B	11	17	100.00
CDL-B	10	17	100.00
CDL-B	12	17	100.00
CDL-B	1	17	67.30
CDL-B	5	18	90.40
CDL-B	6	18	91.40
CDL-B	7	18	96.25
CDL-B	4	18	82.15
CDL-B	9	18	99.80
CDL-B	8	18	96.95
CDL-B	3	18	85.55
CDL-B	2	18	84.40
CDL-B	11	18	100.00
CDL-B	10	18	100.00
CDL-B	12	18	100.00
CDL-B	1	18	73.10
CDL-B	5	19	96.20
CDL-B	6	19	97.60
CDL-B	7	19	99.30
CDL-B	4	19	89.70
CDL-B	9	19	100.00
CDL-B	8	19	98.75
CDL-B	3	19	92.30
CDL-B	2	19	90.00
CDL-B	11	19	100.00
CDL-B	10	19	100.00
CDL-B	12	19	100.00
CDL-B	1	19	77.95
CDL-B	5	20	98.70
CDL-B	6	20	99.70
CDL-B	7	20	99.90
CDL-B	4	20	95.35
CDL-B	9	20	100.00
CDL-B	8	20	99.95
CDL-B	3	20	96.70
CDL-B	2	20	96.00
CDL-B	10	20	100.00
CDL-B	11	20	100.00
CDL-B	12	20	100.00
CDL-B	1	20	81.50
CDL-C	6	0	100.00
CDL-C	7	0	100.00
CDL-C	8	0	100.00
CDL-C	9	0	100.00
CDL-C	11	0	100.00
CDL-C	12	0	100.00
CDL-C	10	0	100.00
CDL-C	5	0	100.00
CDL-C	4	0	100.00
CDL-C	3	0	99.90
CDL-C	2	0	99.00
CDL-C	1	0	97.60
CDL-C	9	1	100.00
CDL-C	6	1	100.00
CDL-C	7	1	100.00
CDL-C	8	1	100.00
CDL-C	11	1	100.00
CDL-C	10	1	100.00
CDL-C	12	1	100.00
CDL-C	5	1	100.00
CDL-C	4	1	100.00
CDL-C	3	1	96.50
CDL-C	2	1	94.05
CDL-C	1	1	89.60
CDL-C	9	2	100.00
CDL-C	7	2	100.00
CDL-C	8	2	100.00
CDL-C	6	2	99.95
CDL-C	5	2	100.00
CDL-C	11	2	100.00
CDL-C	4	2	99.55
CDL-C	10	2	100.00
CDL-C	12	2	100.00
CDL-C	3	2	94.45
CDL-C	2	2	90.70
CDL-C	1	2	67.35
CDL-C	9	3	100.00
CDL-C	7	3	100.00
CDL-C	8	3	100.00
CDL-C	5	3	100.00
CDL-C	6	3	99.80
CDL-C	4	3	98.85
CDL-C	11	3	100.00
CDL-C	12	3	100.00
CDL-C	10	3	100.00
CDL-C	3	3	94.15
CDL-C	2	3	85.05
CDL-C	1	3	45.80
CDL-C	9	4	100.00
CDL-C	5	4	100.00
CDL-C	7	4	99.95
CDL-C	8	4	100.00
CDL-C	6	4	99.55
CDL-C	4	4	98.05
CDL-C	11	4	100.00
CDL-C	12	4	100.00
CDL-C	3	4	93.65
CDL-C	10	4	100.00
CDL-C	2	4	80.05
CDL-C	1	4	29.65
CDL-C	9	5	100.00
CDL-C	5	5	100.00
CDL-C	7	5	99.95
CDL-C	6	5	99.70
CDL-C	8	5	100.00
CDL-C	4	5	98.10
CDL-C	3	5	91.70
CDL-C	12	5	100.00
CDL-C	11	5	100.00
CDL-C	10	5	100.00
CDL-C	2	5	77.50
CDL-C	1	5	20.80
CDL-C	9	6	100.00
CDL-C	5	6	99.95
CDL-C	7	6	99.85
CDL-C	6	6	99.20
CDL-C	8	6	100.00
CDL-C	4	6	96.40
CDL-C	3	6	91.85
CDL-C	12	6	100.00
CDL-C	11	6	100.00
CDL-C	10	6	100.00
CDL-C	2	6	74.65
CDL-C	1	6	16.60
CDL-C	9	7	100.00
CDL-C	5	7	99.65
CDL-C	7	7	99.85
CDL-C	6	7	99.40
CDL-C	8	7	100.00
CDL-C	4	7	97.10
CDL-C	3	7	90.70
CDL-C	12	7	100.00
CDL-C	11	7	100.00
CDL-C	10	7	100.00
CDL-C	2	7	72.70
CDL-C	1	7	15.90
CDL-C	9	8	100.00
CDL-C	5	8	99.75
CDL-C	7	8	99.85
CDL-C	6	8	99.30
CDL-C	8	8	100.00
CDL-C	4	8	96.15
CDL-C	3	8	91.25
CDL-C	11	8	100.00
CDL-C	12	8	100.00
CDL-C	2	8	71.65
CDL-C	10	8	100.00
CDL-C	1	8	19.95
CDL-C	5	9	99.80
CDL-C	9	9	100.00
CDL-C	7	9	99.80
CDL-C	6	9	99.05
CDL-C	8	9	99.90
CDL-C	4	9	96.25
CDL-C	3	9	90.00
CDL-C	11	9	100.00
CDL-C	2	9	73.50
CDL-C	12	9	100.00
CDL-C	10	9	100.00
CDL-C	1	9	27.95
CDL-C	5	10	99.80
CDL-C	9	10	100.00
CDL-C	7	10	100.00
CDL-C	6	10	99.00
CDL-C	4	10	96.25
CDL-C	8	10	100.00
CDL-C	3	10	90.60
CDL-C	2	10	74.75
CDL-C	11	10	100.00
CDL-C	10	10	100.00
CDL-C	12	10	100.00
CDL-C	1	10	36.55
CDL-C	5	11	99.50
CDL-C	9	11	100.00
CDL-C	7	11	100.00
CDL-C	6	11	98.85
CDL-C	8	11	100.00
CDL-C	4	11	96.30
CDL-C	3	11	92.35
CDL-C	2	11	77.70
CDL-C	11	11	100.00
CDL-C	10	11	100.00
CDL-C	12	11	100.00
CDL-C	1	11	48.05
CDL-C	5	12	99.85
CDL-C	9	12	100.00
CDL-C	6	12	98.25
CDL-C	7	12	100.00
CDL-C	8	12	100.00
CDL-C	4	12	97.20
CDL-C	3	12	96.15
CDL-C	2	12	81.60
CDL-C	11	12	100.00
CDL-C	10	12	100.00
CDL-C	12	12	100.00
CDL-C	1	12	58.65
CDL-C	5	13	99.80
CDL-C	9	13	100.00
CDL-C	6	13	97.75
CDL-C	7	13	99.90
CDL-C	8	13	99.95
CDL-C	4	13	97.20
CDL-C	3	13	98.55
CDL-C	2	13	90.65
CDL-C	11	13	100.00
CDL-C	10	13	100.00
CDL-C	12	13	100.00
CDL-C	1	13	66.45
CDL-C	9	14	100.00
CDL-C	5	14	99.95
CDL-C	6	14	98.25
CDL-C	7	14	99.70
CDL-C	8	14	100.00
CDL-C	4	14	98.95
CDL-C	3	14	99.35
CDL-C	2	14	97.15
CDL-C	11	14	100.00
CDL-C	10	14	100.00
CDL-C	12	14	100.00
CDL-C	1	14	72.50
CDL-C	9	15	100.00
CDL-C	7	15	99.90
CDL-C	6	15	97.85
CDL-C	5	15	100.00
CDL-C	8	15	100.00
CDL-C	4	15	99.55
CDL-C	3	15	99.95
CDL-C	2	15	99.45
CDL-C	11	15	100.00
CDL-C	10	15	100.00
CDL-C	12	15	100.00
CDL-C	1	15	75.60
CDL-C	6	16	99.15
CDL-C	7	16	100.00
CDL-C	9	16	100.00
CDL-C	5	16	100.00
CDL-C	8	16	100.00
CDL-C	4	16	100.00
CDL-C	3	16	100.00
CDL-C	2	16	99.90
CDL-C	11	16	100.00
CDL-C	10	16	100.00
CDL-C	12	16	100.00
CDL-C	1	16	80.50
CDL-C	6	17	100.00
CDL-C	7	17	100.00
CDL-C	9	17	100.00
CDL-C	5	17	100.00
CDL-C	8	17	100.00
CDL-C	4	17	100.00
CDL-C	3	17	100.00
CDL-C	2	17	100.00
CDL-C	11	17	100.00
CDL-C	10	17	100.00
CDL-C	12	17	100.00
CDL-C	1	17	83.10
CDL-C	6	18	100.00
CDL-C	7	18	100.00
CDL-C	9	18	100.00
CDL-C	5	18	100.00
CDL-C	8	18	100.00
CDL-C	4	18	100.00
CDL-C	3	18	100.00
CDL-C	10	18	100.00
CDL-C	11	18	100.00
CDL-C	2	18	100.00
CDL-C	12	18	100.00
CDL-C	1	18	88.25
CDL-C	6	19	100.00
CDL-C	7	19	100.00
CDL-C	9	19	100.00
CDL-C	5	19	100.00
CDL-C	8	19	100.00
CDL-C	4	19	100.00
CDL-C	3	19	100.00
CDL-C	10	19	100.00
CDL-C	11	19	100.00
CDL-C	2	19	100.00
CDL-C	12	19	100.00
CDL-C	1	19	92.55
CDL-C	6	20	100.00
CDL-C	7	20	100.00
CDL-C	9	20	100.00
CDL-C	5	20	100.00
CDL-C	8	20	100.00
CDL-C	4	20	100.00
CDL-C	3	20	100.00
CDL-C	10	20	100.00
CDL-C	11	20	100.00
CDL-C	2	20	100.00
CDL-C	12	20	100.00
CDL-C	1	20	95.05
CDL-D	7	0	100.00
CDL-D	9	0	100.00
CDL-D	8	0	100.00
CDL-D	11	0	100.00
CDL-D	12	0	100.00
CDL-D	10	0	100.00
CDL-D	6	0	100.00
CDL-D	5	0	100.00
CDL-D	4	0	100.00
CDL-D	3	0	100.00
CDL-D	2	0	100.00
CDL-D	1	0	100.00
CDL-D	8	1	100.00
CDL-D	9	1	100.00
CDL-D	7	1	100.00
CDL-D	6	1	100.00
CDL-D	11	1	100.00
CDL-D	12	1	100.00
CDL-D	10	1	100.00
CDL-D	5	1	100.00
CDL-D	4	1	100.00
CDL-D	3	1	100.00
CDL-D	2	1	100.00
CDL-D	1	1	100.00
CDL-D	8	2	100.00
CDL-D	9	2	100.00
CDL-D	7	2	100.00
CDL-D	6	2	99.80
CDL-D	10	2	100.00
CDL-D	11	2	100.00
CDL-D	12	2	100.00
CDL-D	5	2	99.55
CDL-D	4	2	99.20
CDL-D	3	2	97.20
CDL-D	2	2	95.65
CDL-D	1	2	83.10
CDL-D	9	3	100.00
CDL-D	7	3	63.15
CDL-D	5	3	50.30
CDL-D	8	3	100.00
CDL-D	6	3	48.15
CDL-D	4	3	38.65
CDL-D	11	3	100.00
CDL-D	10	3	100.00
CDL-D	12	3	100.00
CDL-D	3	3	23.15
CDL-D	2	3	12.50
CDL-D	1	3	6.40
CDL-D	9	4	99.95
CDL-D	6	4	1.40
CDL-D	5	4	1.15
CDL-D	7	4	3.60
CDL-D	4	4	0.50
CDL-D	8	4	42.05
CDL-D	3	4	0.00
CDL-D	11	4	100.00
CDL-D	12	4	100.00
CDL-D	10	4	100.00
CDL-D	2	4	0.00
CDL-D	1	4	0.00
CDL-D	6	5	0.00
CDL-D	5	5	0.00
CDL-D	7	5	0.00
CDL-D	4	5	0.00
CDL-D	9	5	29.95
CDL-D	8	5	0.55
CDL-D	3	5	0.00
CDL-D	12	5	100.00
CDL-D	11	5	100.00
CDL-D	2	5	0.00
CDL-D	10	5	100.00
CDL-D	1	5	0.00
CDL-D	6	6	0.00
CDL-D	7	6	0.00
CDL-D	5	6	0.00
CDL-D	4	6	0.00
CDL-D	8	6	0.05
CDL-D	9	6	1.70
CDL-D	3	6	0.00
CDL-D	12	6	100.00
CDL-D	2	6	0.00
CDL-D	11	6	100.00
CDL-D	10	6	100.00
CDL-D	1	6	0.00
CDL-D	6	7	0.00
CDL-D	7	7	0.00
CDL-D	5	7	0.00
CDL-D	8	7	0.00
CDL-D	4	7	0.00
CDL-D	9	7	0.15
CDL-D	3	7	0.00
CDL-D	2	7	0.00
CDL-D	12	7	100.00
CDL-D	11	7	100.00
CDL-D	10	7	76.10
CDL-D	1	7	0.00
CDL-D	7	8	0.00
CDL-D	6	8	0.00
CDL-D	5	8	0.00
CDL-D	8	8	0.00
CDL-D	4	8	0.00
CDL-D	9	8	0.00
CDL-D	3	8	0.00
CDL-D	2	8	0.00
CDL-D	10	8	23.00
CDL-D	12	8	100.00
CDL-D	11	8	99.90
CDL-D	1	8	0.00
CDL-D	7	9	0.00
CDL-D	6	9	0.00
CDL-D	5	9	0.00
CDL-D	8	9	0.00
CDL-D	9	9	0.00
CDL-D	4	9	0.00
CDL-D	3	9	0.00
CDL-D	2	9	0.00
CDL-D	10	9	4.10
CDL-D	11	9	77.55
CDL-D	12	9	100.00
CDL-D	1	9	0.00
CDL-D	7	10	0.00
CDL-D	6	10	0.00
CDL-D	9	10	0.00
CDL-D	5	10	0.00
CDL-D	8	10	0.00
CDL-D	4	10	0.00
CDL-D	3	10	0.00
CDL-D	2	10	0.00
CDL-D	10	10	0.50
CDL-D	11	10	38.60
CDL-D	12	10	99.80
CDL-D	1	10	0.00
CDL-D	7	11	0.00
CDL-D	6	11	0.00
CDL-D	9	11	0.00
CDL-D	8	11	0.00
CDL-D	5	11	0.00
CDL-D	4	11	0.00
CDL-D	3	11	0.00
CDL-D	10	11	0.00
CDL-D	2	11	0.00
CDL-D	11	11	21.50
CDL-D	12	11	83.20
CDL-D	1	11	0.00
CDL-D	7	12	0.00
CDL-D	6	12	0.00
CDL-D	9	12	0.00
CDL-D	8	12	0.00
CDL-D	5	12	0.00
CDL-D	4	12	0.00
CDL-D	3	12	0.00
CDL-D	10	12	0.00
CDL-D	11	12	9.50
CDL-D	2	12	0.00
CDL-D	12	12	57.50
CDL-D	1	12	0.00
CDL-D	7	13	0.00
CDL-D	9	13	0.00
CDL-D	6	13	0.00
CDL-D	8	13	0.00
CDL-D	5	13	0.00
CDL-D	4	13	0.00
CDL-D	3	13	0.00
CDL-D	10	13	0.00
CDL-D	11	13	3.15
CDL-D	2	13	0.00
CDL-D	12	13	37.40
CDL-D	1	13	0.00
CDL-D	7	14	0.00
CDL-D	9	14	0.00
CDL-D	6	14	0.00
CDL-D	8	14	0.00
CDL-D	5	14	0.00
CDL-D	4	14	0.00
CDL-D	3	14	0.00
CDL-D	10	14	0.00
CDL-D	11	14	0.75
CDL-D	2	14	0.00
CDL-D	12	14	28.25
CDL-D	1	14	0.00
CDL-D	9	15	0.00
CDL-D	7	15	0.00
CDL-D	6	15	0.00
CDL-D	8	15	0.00
CDL-D	5	15	0.00
CDL-D	4	15	0.00
CDL-D	3	15	0.00
CDL-D	10	15	0.00
CDL-D	11	15	0.10
CDL-D	12	15	23.25
CDL-D	2	15	0.00
CDL-D	1	15	0.00
CDL-D	9	16	0.00
CDL-D	7	16	0.00
CDL-D	6	16	0.00
CDL-D	8	16	0.00
CDL-D	5	16	0.00
CDL-D	4	16	0.00
CDL-D	10	16	0.00
CDL-D	11	16	0.00
CDL-D	3	16	0.00
CDL-D	12	16	19.50
CDL-D	2	16	0.00
CDL-D	1	16	0.00
CDL-D	9	17	0.00
CDL-D	7	17	0.00
CDL-D	6	17	0.00
CDL-D	8	17	0.00
CDL-D	5	17	0.00
CDL-D	4	17	0.00
CDL-D	10	17	0.00
CDL-D	11	17	0.00
CDL-D	3	17	0.00
CDL-D	12	17	16.55
CDL-D	2	17	0.00
CDL-D	1	17	0.00
CDL-D	9	18	0.00
CDL-D	7	18	0.00
CDL-D	6	18	0.00
CDL-D	8	18	0.00
CDL-D	5	18	0.00
CDL-D	4	18	0.00
CDL-D	11	18	0.00
CDL-D	10	18	0.00
CDL-D	3	18	0.00
CDL-D	12	18	12.55
CDL-D	2	18	0.00
CDL-D	1	18	0.00
CDL-D	9	19	0.00
CDL-D	7	19	0.00
CDL-D	6	19	0.00
CDL-D	8	19	0.00
CDL-D	5	19	0.00
CDL-D	4	19	0.00
CDL-D	10	19	0.00
CDL-D	11	19	0.00
CDL-D	12	19	10.00
CDL-D	3	19	0.00
CDL-D	2	19	0.00
CDL-D	1	19	0.00
CDL-D	9	20	0.00
CDL-D	7	20	0.00
CDL-D	8	20	0.00
CDL-D	6	20	0.00
CDL-D	5	20	0.00
CDL-D	4	20	0.00
CDL-D	10	20	0.00
CDL-D	11	20	0.00
CDL-D	12	20	8.30
CDL-D	3	20	0.00
CDL-D	2	20	0.00
CDL-D	1	20	0.00
CDL-E	9	0	100.00
CDL-E	7	0	100.00
CDL-E	6	0	99.60
CDL-E	8	0	100.00
CDL-E	5	0	100.00
CDL-E	11	0	100.00
CDL-E	10	0	100.00
CDL-E	4	0	97.75
CDL-E	12	0	100.00
CDL-E	3	0	92.65
CDL-E	2	0	84.85
CDL-E	1	0	68.40
CDL-E	9	1	100.00
CDL-E	8	1	100.00
CDL-E	5	1	36.65
CDL-E	7	1	99.85
CDL-E	6	1	37.35
CDL-E	4	1	31.20
CDL-E	11	1	100.00
CDL-E	10	1	100.00
CDL-E	12	1	100.00
CDL-E	3	1	22.65
CDL-E	2	1	6.95
CDL-E	1	1	1.40
CDL-E	9	2	100.00
CDL-E	5	2	1.15
CDL-E	7	2	4.10
CDL-E	6	2	1.15
CDL-E	8	2	100.00
CDL-E	4	2	1.25
CDL-E	11	2	100.00
CDL-E	3	2	0.55
CDL-E	10	2	100.00
CDL-E	12	2	100.00
CDL-E	2	2	0.00
CDL-E	1	2	0.00
CDL-E	9	3	97.50
CDL-E	5	3	0.00
CDL-E	6	3	0.00
CDL-E	7	3	0.15
CDL-E	4	3	0.05
CDL-E	8	3	7.30
CDL-E	3	3	0.00
CDL-E	11	3	100.00
CDL-E	12	3	100.00
CDL-E	10	3	100.00
CDL-E	2	3	0.00
CDL-E	1	3	0.00
CDL-E	6	4	0.00
CDL-E	5	4	0.00
CDL-E	7	4	0.00
CDL-E	9	4	2.05
CDL-E	4	4	0.00
CDL-E	8	4	0.00
CDL-E	3	4	0.00
CDL-E	11	4	100.00
CDL-E	12	4	100.00
CDL-E	10	4	100.00
CDL-E	2	4	0.00
CDL-E	1	4	0.00
CDL-E	6	5	0.00
CDL-E	5	5	0.00
CDL-E	7	5	0.00
CDL-E	4	5	0.00
CDL-E	9	5	0.05
CDL-E	8	5	0.00
CDL-E	3	5	0.00
CDL-E	11	5	100.00
CDL-E	12	5	100.00
CDL-E	2	5	0.00
CDL-E	10	5	100.00
CDL-E	1	5	0.00
CDL-E	6	6	0.00
CDL-E	5	6	0.00
CDL-E	7	6	0.00
CDL-E	4	6	0.00
CDL-E	8	6	0.00
CDL-E	9	6	0.00
CDL-E	3	6	0.00
CDL-E	12	6	100.00
CDL-E	2	6	0.00
CDL-E	11	6	100.00
CDL-E	10	6	60.05
CDL-E	1	6	0.00
CDL-E	7	7	0.00
CDL-E	6	7	0.00
CDL-E	5	7	0.00
CDL-E	8	7	0.00
CDL-E	4	7	0.00
CDL-E	9	7	0.00
CDL-E	3	7	0.00
CDL-E	2	7	0.00
CDL-E	12	7	100.00
CDL-E	11	7	100.00
CDL-E	10	7	8.45
CDL-E	1	7	0.00
CDL-E	7	8	0.00
CDL-E	6	8	0.00
CDL-E	5	8	0.00
CDL-E	8	8	0.00
CDL-E	4	8	0.00
CDL-E	9	8	0.00
CDL-E	3	8	0.00
CDL-E	2	8	0.00
CDL-E	10	8	0.75
CDL-E	11	8	75.70
CDL-E	12	8	100.00
CDL-E	1	8	0.00
CDL-E	7	9	0.00
CDL-E	6	9	0.00
CDL-E	5	9	0.00
CDL-E	8	9	0.00
CDL-E	9	9	0.00
CDL-E	4	9	0.00
CDL-E	3	9	0.00
CDL-E	2	9	0.00
CDL-E	10	9	0.10
CDL-E	11	9	37.00
CDL-E	12	9	100.00
CDL-E	1	9	0.00
CDL-E	7	10	0.00
CDL-E	6	10	0.00
CDL-E	5	10	0.00
CDL-E	9	10	0.00
CDL-E	8	10	0.00
CDL-E	4	10	0.00
CDL-E	3	10	0.00
CDL-E	2	10	0.00
CDL-E	10	10	0.00
CDL-E	11	10	22.60
CDL-E	12	10	96.15
CDL-E	1	10	0.00
CDL-E	7	11	0.00
CDL-E	6	11	0.00
CDL-E	9	11	0.00
CDL-E	8	11	0.00
CDL-E	5	11	0.00
CDL-E	4	11	0.00
CDL-E	3	11	0.00
CDL-E	10	11	0.00
CDL-E	2	11	0.00
CDL-E	11	11	14.70
CDL-E	12	11	80.40
CDL-E	1	11	0.00
CDL-E	7	12	0.00
CDL-E	6	12	0.00
CDL-E	9	12	0.00
CDL-E	8	12	0.00
CDL-E	5	12	0.00
CDL-E	4	12	0.00
CDL-E	3	12	0.00
CDL-E	10	12	0.00
CDL-E	2	12	0.00
CDL-E	11	12	7.85
CDL-E	12	12	65.15
CDL-E	1	12	0.00
CDL-E	7	13	0.00
CDL-E	6	13	0.00
CDL-E	9	13	0.00
CDL-E	8	13	0.00
CDL-E	5	13	0.00
CDL-E	4	13	0.00
CDL-E	3	13	0.00
CDL-E	10	13	0.00
CDL-E	11	13	4.15
CDL-E	2	13	0.00
CDL-E	12	13	54.90
CDL-E	1	13	0.00
CDL-E	7	14	0.00
CDL-E	6	14	0.00
CDL-E	9	14	0.00
CDL-E	8	14	0.00
CDL-E	5	14	0.00
CDL-E	4	14	0.00
CDL-E	3	14	0.00
CDL-E	10	14	0.00
CDL-E	11	14	3.05
CDL-E	2	14	0.00
CDL-E	12	14	46.75
CDL-E	1	14	0.00
CDL-E	7	15	0.00
CDL-E	9	15	0.00
CDL-E	6	15	0.00
CDL-E	8	15	0.00
CDL-E	5	15	0.00
CDL-E	4	15	0.00
CDL-E	3	15	0.00
CDL-E	10	15	0.00
CDL-E	11	15	1.40
CDL-E	2	15	0.00
CDL-E	12	15	41.20
CDL-E	1	15	0.00
CDL-E	6	16	0.00
CDL-E	7	16	0.00
CDL-E	9	16	0.00
CDL-E	8	16	0.00
CDL-E	5	16	0.00
CDL-E	4	16	0.00
CDL-E	3	16	0.00
CDL-E	10	16	0.00
CDL-E	11	16	0.75
CDL-E	2	16	0.00
CDL-E	12	16	36.25
CDL-E	1	16	0.00
CDL-E	9	17	0.00
CDL-E	7	17	0.00
CDL-E	6	17	0.00
CDL-E	8	17	0.00
CDL-E	5	17	0.00
CDL-E	4	17	0.00
CDL-E	3	17	0.00
CDL-E	10	17	0.00
CDL-E	11	17	0.35
CDL-E	12	17	34.45
CDL-E	2	17	0.00
CDL-E	1	17	0.00
CDL-E	9	18	0.00
CDL-E	7	18	0.00
CDL-E	6	18	0.00
CDL-E	8	18	0.00
CDL-E	5	18	0.00
CDL-E	4	18	0.00
CDL-E	10	18	0.00
CDL-E	3	18	0.00
CDL-E	11	18	0.25
CDL-E	12	18	31.75
CDL-E	2	18	0.00
CDL-E	1	18	0.00
CDL-E	9	19	0.00
CDL-E	7	19	0.00
CDL-E	6	19	0.00
CDL-E	8	19	0.00
CDL-E	5	19	0.00
CDL-E	4	19	0.00
CDL-E	10	19	0.00
CDL-E	11	19	0.20
CDL-E	3	19	0.00
CDL-E	12	19	30.80
CDL-E	2	19	0.00
CDL-E	1	19	0.00
CDL-E	9	20	0.00
CDL-E	7	20	0.00
CDL-E	8	20	0.00
CDL-E	6	20	0.00
CDL-E	5	20	0.00
CDL-E	4	20	0.00
CDL-E	10	20	0.00
CDL-E	11	20	0.25
CDL-E	3	20	0.00
CDL-E	12	20	28.95
CDL-E	2	20	0.00
CDL-E	1	20	0.00
Elapsed time is 100465.018360 seconds.
