Starting parallel pool (parpool) using the 'local' profile ...
connected to 12 workers.
CDL-D	12	0	100.00
CDL-D	11	0	100.00
CDL-D	10	0	100.00
CDL-D	9	0	100.00
CDL-D	8	0	100.00
CDL-D	7	0	100.00
CDL-D	6	0	100.00
CDL-D	5	0	100.00
CDL-D	4	0	100.00
CDL-D	3	0	100.00
CDL-D	2	0	100.00
CDL-D	1	0	100.00
CDL-D	12	1	100.00
CDL-D	11	1	100.00
CDL-D	10	1	100.00
CDL-D	9	1	100.00
CDL-D	8	1	100.00
CDL-D	7	1	100.00
CDL-D	6	1	100.00
CDL-D	5	1	100.00
CDL-D	4	1	100.00
CDL-D	3	1	100.00
CDL-D	2	1	100.00
CDL-D	1	1	100.00
CDL-D	12	2	100.00
CDL-D	11	2	100.00
CDL-D	10	2	100.00
CDL-D	9	2	100.00
CDL-D	8	2	100.00
CDL-D	7	2	100.00
CDL-D	6	2	99.05
CDL-D	5	2	99.25
CDL-D	4	2	98.70
CDL-D	3	2	96.40
CDL-D	2	2	94.10
CDL-D	1	2	93.50
CDL-D	12	3	100.00
CDL-D	11	3	100.00
CDL-D	9	3	100.00
CDL-D	10	3	100.00
CDL-D	8	3	100.00
CDL-D	7	3	51.55
CDL-D	5	3	38.20
CDL-D	6	3	35.05
CDL-D	4	3	29.35
CDL-D	3	3	15.15
CDL-D	2	3	7.60
CDL-D	1	3	6.30
CDL-D	12	4	100.00
CDL-D	11	4	100.00
CDL-D	9	4	100.00
CDL-D	10	4	100.00
CDL-D	8	4	11.25
CDL-D	7	4	2.55
CDL-D	6	4	0.60
CDL-D	5	4	0.85
CDL-D	4	4	0.10
CDL-D	3	4	0.00
CDL-D	2	4	0.00
CDL-D	1	4	0.00
CDL-D	12	5	100.00
CDL-D	11	5	100.00
CDL-D	9	5	8.05
CDL-D	8	5	0.05
CDL-D	10	5	100.00
CDL-D	7	5	0.00
CDL-D	6	5	0.05
CDL-D	5	5	0.00
CDL-D	4	5	0.00
CDL-D	3	5	0.00
CDL-D	2	5	0.00
CDL-D	1	5	0.00
CDL-D	12	6	100.00
CDL-D	11	6	100.00
CDL-D	9	6	0.15
CDL-D	8	6	0.00
CDL-D	7	6	0.00
CDL-D	10	6	100.00
CDL-D	6	6	0.00
CDL-D	5	6	0.00
CDL-D	4	6	0.00
CDL-D	3	6	0.00
CDL-D	2	6	0.00
CDL-D	1	6	0.00
CDL-D	12	7	100.00
CDL-D	11	7	100.00
CDL-D	9	7	0.00
CDL-D	8	7	0.00
CDL-D	7	7	0.00
CDL-D	10	7	40.60
CDL-D	6	7	0.00
CDL-D	5	7	0.00
CDL-D	4	7	0.00
CDL-D	3	7	0.00
CDL-D	2	7	0.00
CDL-D	1	7	0.00
CDL-D	12	8	100.00
CDL-D	9	8	0.00
CDL-D	8	8	0.00
CDL-D	11	8	100.00
CDL-D	7	8	0.00
CDL-D	10	8	0.25
CDL-D	6	8	0.00
CDL-D	5	8	0.00
CDL-D	4	8	0.00
CDL-D	3	8	0.00
CDL-D	2	8	0.00
CDL-D	1	8	0.00
CDL-D	12	9	100.00
CDL-D	9	9	0.00
CDL-D	8	9	0.00
CDL-D	11	9	28.80
CDL-D	7	9	0.00
CDL-D	10	9	0.00
CDL-D	6	9	0.00
CDL-D	5	9	0.00
CDL-D	4	9	0.00
CDL-D	3	9	0.00
CDL-D	2	9	0.00
CDL-D	1	9	0.00
CDL-D	9	10	0.00
CDL-D	12	10	100.00
CDL-D	8	10	0.00
CDL-D	11	10	0.40
CDL-D	7	10	0.00
CDL-D	10	10	0.00
CDL-D	6	10	0.00
CDL-D	5	10	0.00
CDL-D	4	10	0.00
CDL-D	3	10	0.00
CDL-D	2	10	0.00
CDL-D	1	10	0.00
CDL-D	9	11	0.00
CDL-D	12	11	30.35
CDL-D	11	11	0.00
CDL-D	8	11	0.00
CDL-D	7	11	0.00
CDL-D	10	11	0.00
CDL-D	6	11	0.00
CDL-D	5	11	0.00
CDL-D	4	11	0.00
CDL-D	3	11	0.00
CDL-D	2	11	0.00
CDL-D	1	11	0.00
CDL-D	12	12	0.85
CDL-D	9	12	0.00
CDL-D	11	12	0.00
CDL-D	8	12	0.00
CDL-D	10	12	0.00
CDL-D	7	12	0.00
CDL-D	6	12	0.00
CDL-D	5	12	0.00
CDL-D	4	12	0.00
CDL-D	3	12	0.00
CDL-D	2	12	0.00
CDL-D	1	12	0.00
CDL-D	12	13	0.00
CDL-D	9	13	0.00
CDL-D	11	13	0.00
CDL-D	8	13	0.00
CDL-D	10	13	0.00
CDL-D	7	13	0.00
CDL-D	6	13	0.00
CDL-D	5	13	0.00
CDL-D	4	13	0.00
CDL-D	3	13	0.00
CDL-D	2	13	0.00
CDL-D	1	13	0.00
CDL-D	12	14	0.00
CDL-D	11	14	0.00
CDL-D	9	14	0.00
CDL-D	8	14	0.00
CDL-D	10	14	0.00
CDL-D	7	14	0.00
CDL-D	6	14	0.00
CDL-D	5	14	0.00
CDL-D	4	14	0.00
CDL-D	3	14	0.00
CDL-D	2	14	0.00
CDL-D	1	14	0.00
CDL-D	12	15	0.00
CDL-D	11	15	0.00
CDL-D	9	15	0.00
CDL-D	8	15	0.00
CDL-D	10	15	0.00
CDL-D	7	15	0.00
CDL-D	6	15	0.00
CDL-D	5	15	0.00
CDL-D	4	15	0.00
CDL-D	3	15	0.00
CDL-D	2	15	0.00
CDL-D	1	15	0.00
CDL-D	12	16	0.00
CDL-D	11	16	0.00
CDL-D	9	16	0.00
CDL-D	8	16	0.00
CDL-D	10	16	0.00
CDL-D	7	16	0.00
CDL-D	6	16	0.00
CDL-D	5	16	0.00
CDL-D	4	16	0.00
CDL-D	3	16	0.00
CDL-D	2	16	0.00
CDL-D	1	16	0.00
CDL-D	12	17	0.00
CDL-D	11	17	0.00
CDL-D	9	17	0.00
CDL-D	8	17	0.00
CDL-D	10	17	0.00
CDL-D	7	17	0.00
CDL-D	6	17	0.00
CDL-D	5	17	0.00
CDL-D	4	17	0.00
CDL-D	3	17	0.00
CDL-D	2	17	0.00
CDL-D	1	17	0.00
CDL-D	12	18	0.00
CDL-D	11	18	0.00
CDL-D	9	18	0.00
CDL-D	8	18	0.00
CDL-D	10	18	0.00
CDL-D	7	18	0.00
CDL-D	6	18	0.00
CDL-D	5	18	0.00
CDL-D	4	18	0.00
CDL-D	3	18	0.00
CDL-D	2	18	0.00
CDL-D	1	18	0.00
CDL-D	12	19	0.00
CDL-D	11	19	0.00
CDL-D	9	19	0.00
CDL-D	10	19	0.00
CDL-D	8	19	0.00
CDL-D	7	19	0.00
CDL-D	6	19	0.00
CDL-D	5	19	0.00
CDL-D	4	19	0.00
CDL-D	3	19	0.00
CDL-D	2	19	0.00
CDL-D	1	19	0.00
CDL-D	12	20	0.00
CDL-D	11	20	0.00
CDL-D	9	20	0.00
CDL-D	10	20	0.00
CDL-D	8	20	0.00
CDL-D	7	20	0.00
CDL-D	6	20	0.00
CDL-D	5	20	0.00
CDL-D	4	20	0.00
CDL-D	3	20	0.00
CDL-D	2	20	0.00
CDL-D	1	20	0.00
CDL-E	12	0	100.00
CDL-E	11	0	100.00
CDL-E	9	0	100.00
CDL-E	10	0	100.00
CDL-E	8	0	100.00
CDL-E	7	0	100.00
CDL-E	6	0	100.00
CDL-E	5	0	100.00
CDL-E	4	0	98.30
CDL-E	3	0	90.15
CDL-E	2	0	79.30
CDL-E	1	0	34.35
CDL-E	12	1	100.00
CDL-E	11	1	100.00
CDL-E	9	1	100.00
CDL-E	10	1	100.00
CDL-E	8	1	100.00
CDL-E	7	1	100.00
CDL-E	5	1	46.85
CDL-E	6	1	48.20
CDL-E	4	1	32.05
CDL-E	3	1	14.50
CDL-E	2	1	4.45
CDL-E	1	1	0.05
CDL-E	12	2	100.00
CDL-E	11	2	100.00
CDL-E	9	2	100.00
CDL-E	10	2	100.00
CDL-E	8	2	100.00
CDL-E	7	2	8.55
CDL-E	5	2	1.05
CDL-E	6	2	1.00
CDL-E	4	2	0.70
CDL-E	3	2	0.55
CDL-E	2	2	0.00
CDL-E	1	2	0.00
CDL-E	12	3	100.00
CDL-E	11	3	100.00
CDL-E	9	3	100.00
CDL-E	10	3	100.00
CDL-E	8	3	55.40
CDL-E	7	3	0.25
CDL-E	5	3	0.00
CDL-E	6	3	0.00
CDL-E	4	3	0.00
CDL-E	3	3	0.00
CDL-E	2	3	0.00
CDL-E	1	3	0.00
CDL-E	12	4	100.00
CDL-E	11	4	100.00
CDL-E	9	4	23.25
CDL-E	8	4	0.05
CDL-E	10	4	100.00
CDL-E	7	4	0.00
CDL-E	6	4	0.00
CDL-E	5	4	0.00
CDL-E	4	4	0.00
CDL-E	3	4	0.00
CDL-E	2	4	0.00
CDL-E	1	4	0.00
CDL-E	12	5	100.00
CDL-E	11	5	100.00
CDL-E	9	5	0.30
CDL-E	8	5	0.00
CDL-E	10	5	100.00
CDL-E	7	5	0.00
CDL-E	6	5	0.00
CDL-E	5	5	0.00
CDL-E	4	5	0.00
CDL-E	3	5	0.00
CDL-E	2	5	0.00
CDL-E	1	5	0.00
CDL-E	12	6	100.00
CDL-E	11	6	100.00
CDL-E	9	6	0.00
CDL-E	8	6	0.00
CDL-E	7	6	0.00
CDL-E	10	6	100.00
CDL-E	5	6	0.00
CDL-E	6	6	0.00
CDL-E	4	6	0.00
CDL-E	3	6	0.00
CDL-E	2	6	0.00
CDL-E	1	6	0.00
CDL-E	12	7	100.00
CDL-E	11	7	100.00
CDL-E	9	7	0.00
CDL-E	8	7	0.00
CDL-E	7	7	0.00
CDL-E	10	7	83.85
CDL-E	5	7	0.00
CDL-E	6	7	0.00
CDL-E	4	7	0.00
CDL-E	3	7	0.00
CDL-E	2	7	0.00
CDL-E	1	7	0.00
CDL-E	12	8	100.00
CDL-E	9	8	0.00
CDL-E	8	8	0.00
CDL-E	11	8	100.00
CDL-E	7	8	0.00
CDL-E	10	8	14.65
CDL-E	5	8	0.00
CDL-E	6	8	0.00
CDL-E	4	8	0.00
CDL-E	3	8	0.00
CDL-E	2	8	0.00
CDL-E	1	8	0.00
CDL-E	12	9	100.00
CDL-E	8	9	0.00
CDL-E	9	9	0.00
CDL-E	11	9	100.00
CDL-E	7	9	0.00
CDL-E	10	9	1.75
CDL-E	6	9	0.00
CDL-E	5	9	0.00
CDL-E	4	9	0.00
CDL-E	3	9	0.00
CDL-E	2	9	0.00
CDL-E	1	9	0.00
CDL-E	8	10	0.00
CDL-E	12	10	100.00
CDL-E	9	10	0.00
CDL-E	11	10	99.95
CDL-E	7	10	0.00
CDL-E	10	10	0.30
CDL-E	6	10	0.00
CDL-E	5	10	0.00
CDL-E	4	10	0.00
CDL-E	3	10	0.00
CDL-E	2	10	0.00
CDL-E	1	10	0.00
CDL-E	8	11	0.00
CDL-E	9	11	0.00
CDL-E	12	11	100.00
CDL-E	11	11	99.20
CDL-E	7	11	0.00
CDL-E	10	11	0.00
CDL-E	6	11	0.00
CDL-E	5	11	0.00
CDL-E	4	11	0.00
CDL-E	3	11	0.00
CDL-E	2	11	0.00
CDL-E	1	11	0.00
CDL-E	8	12	0.00
CDL-E	9	12	0.00
CDL-E	11	12	89.60
CDL-E	12	12	100.00
CDL-E	7	12	0.00
CDL-E	10	12	0.00
CDL-E	6	12	0.00
CDL-E	5	12	0.00
CDL-E	4	12	0.00
CDL-E	3	12	0.00
CDL-E	2	12	0.00
CDL-E	1	12	0.00
CDL-E	9	13	0.00
CDL-E	8	13	0.00
CDL-E	12	13	100.00
CDL-E	11	13	64.75
CDL-E	7	13	0.00
CDL-E	10	13	0.00
CDL-E	6	13	0.00
CDL-E	5	13	0.00
CDL-E	4	13	0.00
CDL-E	3	13	0.00
CDL-E	2	13	0.00
CDL-E	1	13	0.00
CDL-E	9	14	0.00
CDL-E	8	14	0.00
CDL-E	11	14	38.45
CDL-E	12	14	100.00
CDL-E	7	14	0.00
CDL-E	10	14	0.00
CDL-E	6	14	0.00
CDL-E	5	14	0.00
CDL-E	4	14	0.00
CDL-E	3	14	0.00
CDL-E	2	14	0.00
CDL-E	1	14	0.00
CDL-E	9	15	0.00
CDL-E	8	15	0.00
CDL-E	11	15	21.65
CDL-E	12	15	100.00
CDL-E	7	15	0.00
CDL-E	10	15	0.00
CDL-E	6	15	0.00
CDL-E	5	15	0.00
CDL-E	4	15	0.00
CDL-E	3	15	0.00
CDL-E	2	15	0.00
CDL-E	1	15	0.00
CDL-E	9	16	0.00
CDL-E	8	16	0.00
CDL-E	11	16	11.90
CDL-E	12	16	100.00
CDL-E	7	16	0.00
CDL-E	10	16	0.00
CDL-E	6	16	0.00
CDL-E	5	16	0.00
CDL-E	4	16	0.00
CDL-E	3	16	0.00
CDL-E	2	16	0.00
CDL-E	1	16	0.00
CDL-E	9	17	0.00
CDL-E	8	17	0.00
CDL-E	11	17	6.55
CDL-E	12	17	100.00
CDL-E	10	17	0.00
CDL-E	7	17	0.00
CDL-E	6	17	0.00
CDL-E	5	17	0.00
CDL-E	4	17	0.00
CDL-E	3	17	0.00
CDL-E	2	17	0.00
CDL-E	1	17	0.00
CDL-E	9	18	0.00
CDL-E	11	18	4.35
CDL-E	8	18	0.00
CDL-E	12	18	100.00
CDL-E	10	18	0.00
CDL-E	7	18	0.00
CDL-E	6	18	0.00
CDL-E	5	18	0.00
CDL-E	4	18	0.00
CDL-E	3	18	0.00
CDL-E	2	18	0.00
CDL-E	1	18	0.00
CDL-E	9	19	0.00
CDL-E	11	19	3.30
CDL-E	8	19	0.00
CDL-E	12	19	100.00
CDL-E	10	19	0.00
CDL-E	7	19	0.00
CDL-E	6	19	0.00
CDL-E	5	19	0.00
CDL-E	4	19	0.00
CDL-E	3	19	0.00
CDL-E	2	19	0.00
CDL-E	1	19	0.00
CDL-E	9	20	0.00
CDL-E	11	20	1.95
CDL-E	8	20	0.00
CDL-E	12	20	100.00
CDL-E	10	20	0.00
CDL-E	7	20	0.00
CDL-E	6	20	0.00
CDL-E	5	20	0.00
CDL-E	4	20	0.00
CDL-E	3	20	0.00
CDL-E	2	20	0.00
CDL-E	1	20	0.00
Elapsed time is 146136.336993 seconds.
