CDL-A	6	11	0.00
CDL-A	5	11	0.00
CDL-A	4	11	0.00
CDL-A	3	11	0.00
CDL-A	2	11	0.00
CDL-A	9	11	99.30
CDL-A	1	11	0.00
CDL-A	11	11	100.00
CDL-A	12	11	100.00
CDL-A	8	11	41.55
CDL-A	10	11	100.00
CDL-A	7	11	0.00
CDL-A	6	12	0.00
CDL-A	5	12	0.00
CDL-A	4	12	0.00
CDL-A	3	12	0.00
CDL-A	2	12	0.00
CDL-A	9	12	44.95
CDL-A	1	12	0.00
CDL-A	11	12	100.00
CDL-A	8	12	1.95
CDL-A	12	12	100.00
CDL-A	10	12	100.00
CDL-A	7	12	0.00
CDL-A	6	13	0.00
CDL-A	5	13	0.00
CDL-A	4	13	0.00
CDL-A	3	13	0.00
CDL-A	2	13	0.00
CDL-A	9	13	3.40
CDL-A	1	13	0.00
CDL-A	8	13	0.10
CDL-A	12	13	100.00
CDL-A	11	13	100.00
CDL-A	10	13	100.00
CDL-A	7	13	0.00
CDL-A	6	14	0.00
CDL-A	5	14	0.00
CDL-A	4	14	0.00
CDL-A	3	14	0.00
CDL-A	2	14	0.00
CDL-A	9	14	0.25
CDL-A	1	14	0.00
CDL-A	8	14	0.00
CDL-A	11	14	100.00
CDL-A	10	14	100.00
CDL-A	12	14	100.00
CDL-A	7	14	0.00
CDL-A	6	15	0.00
CDL-A	5	15	0.00
CDL-A	4	15	0.00
CDL-A	3	15	0.00
CDL-A	2	15	0.00
CDL-A	9	15	0.00
CDL-A	1	15	0.00
CDL-A	10	15	97.95
CDL-A	8	15	0.00
CDL-A	12	15	100.00
CDL-A	11	15	100.00
CDL-A	7	15	0.00
CDL-A	6	16	0.00
CDL-A	5	16	0.00
CDL-A	4	16	0.00
CDL-A	3	16	0.00
CDL-A	2	16	0.00
CDL-A	9	16	0.00
CDL-A	10	16	36.00
CDL-A	1	16	0.00
CDL-A	11	16	100.00
CDL-A	8	16	0.00
CDL-A	12	16	100.00
CDL-A	7	16	0.00
CDL-A	6	17	0.00
CDL-A	5	17	0.00
CDL-A	4	17	0.00
CDL-A	3	17	0.00
CDL-A	2	17	0.00
CDL-A	9	17	0.00
CDL-A	10	17	2.30
CDL-A	11	17	97.80
CDL-A	1	17	0.00
CDL-A	12	17	100.00
CDL-A	8	17	0.00
CDL-A	7	17	0.00
CDL-A	6	18	0.00
CDL-A	5	18	0.00
CDL-A	4	18	0.00
CDL-A	3	18	0.00
CDL-A	2	18	0.00
CDL-A	11	18	37.45
CDL-A	9	18	0.00
CDL-A	10	18	0.05
CDL-A	12	18	100.00
CDL-A	1	18	0.00
CDL-A	8	18	0.00
CDL-A	7	18	0.00
CDL-A	6	19	0.00
CDL-A	5	19	0.00
CDL-A	4	19	0.00
CDL-A	3	19	0.00
CDL-A	2	19	0.00
CDL-A	11	19	2.30
CDL-A	12	19	98.15
CDL-A	10	19	0.00
CDL-A	9	19	0.00
CDL-A	1	19	0.00
CDL-A	8	19	0.00
CDL-A	7	19	0.00
CDL-A	6	20	0.00
CDL-A	5	20	0.00
CDL-A	4	20	0.00
CDL-A	3	20	0.00
CDL-A	2	20	0.00
CDL-A	12	20	41.85
CDL-A	11	20	0.15
CDL-A	10	20	0.05
CDL-A	9	20	0.00
CDL-A	1	20	0.00
CDL-A	8	20	0.00
CDL-A	7	20	0.00
CDL-B	5	11	100.00
CDL-B	4	11	100.00
CDL-B	6	11	100.00
CDL-B	3	11	100.00
CDL-B	2	11	100.00
CDL-B	1	11	99.05
CDL-B	9	11	100.00
CDL-B	11	11	100.00
CDL-B	10	11	100.00
CDL-B	8	11	100.00
CDL-B	12	11	100.00
CDL-B	7	11	100.00
CDL-B	5	12	100.00
CDL-B	4	12	100.00
CDL-B	6	12	100.00
CDL-B	3	12	100.00
CDL-B	2	12	100.00
CDL-B	1	12	99.90
CDL-B	9	12	100.00
CDL-B	11	12	100.00
CDL-B	8	12	100.00
CDL-B	10	12	100.00
CDL-B	12	12	100.00
CDL-B	7	12	100.00
CDL-B	5	13	100.00
CDL-B	6	13	100.00
CDL-B	4	13	100.00
CDL-B	3	13	100.00
CDL-B	2	13	100.00
CDL-B	1	13	100.00
CDL-B	9	13	100.00
CDL-B	11	13	100.00
CDL-B	8	13	100.00
CDL-B	10	13	100.00
CDL-B	12	13	100.00
CDL-B	7	13	100.00
CDL-B	5	14	100.00
CDL-B	6	14	100.00
CDL-B	4	14	100.00
CDL-B	3	14	100.00
CDL-B	2	14	100.00
CDL-B	1	14	100.00
CDL-B	9	14	100.00
CDL-B	11	14	100.00
CDL-B	8	14	100.00
CDL-B	10	14	100.00
CDL-B	12	14	100.00
CDL-B	7	14	100.00
CDL-B	5	15	100.00
CDL-B	6	15	100.00
CDL-B	4	15	100.00
CDL-B	3	15	100.00
CDL-B	2	15	100.00
CDL-B	1	15	100.00
CDL-B	9	15	100.00
CDL-B	11	15	100.00
CDL-B	8	15	100.00
CDL-B	10	15	100.00
CDL-B	12	15	100.00
CDL-B	7	15	100.00
CDL-B	5	16	100.00
CDL-B	6	16	100.00
CDL-B	4	16	100.00
CDL-B	3	16	100.00
CDL-B	2	16	100.00
CDL-B	1	16	100.00
CDL-B	9	16	100.00
CDL-B	11	16	100.00
CDL-B	8	16	100.00
CDL-B	10	16	100.00
CDL-B	12	16	100.00
CDL-B	7	16	100.00
CDL-B	5	17	100.00
CDL-B	6	17	100.00
CDL-B	4	17	100.00
CDL-B	3	17	100.00
CDL-B	2	17	100.00
CDL-B	1	17	100.00
CDL-B	9	17	100.00
CDL-B	11	17	100.00
CDL-B	8	17	100.00
CDL-B	10	17	100.00
CDL-B	12	17	100.00
CDL-B	7	17	100.00
CDL-B	5	18	100.00
CDL-B	6	18	100.00
CDL-B	4	18	100.00
CDL-B	3	18	100.00
CDL-B	2	18	100.00
CDL-B	9	18	100.00
CDL-B	1	18	100.00
CDL-B	11	18	100.00
CDL-B	8	18	100.00
CDL-B	10	18	100.00
CDL-B	12	18	100.00
CDL-B	7	18	100.00
CDL-B	5	19	100.00
CDL-B	6	19	100.00
CDL-B	4	19	100.00
CDL-B	3	19	100.00
CDL-B	2	19	100.00
CDL-B	9	19	100.00
CDL-B	1	19	100.00
CDL-B	11	19	100.00
CDL-B	10	19	100.00
CDL-B	8	19	100.00
CDL-B	12	19	100.00
CDL-B	7	19	100.00
CDL-B	5	20	100.00
CDL-B	6	20	100.00
CDL-B	4	20	100.00
CDL-B	3	20	100.00
CDL-B	2	20	100.00
CDL-B	1	20	100.00
CDL-B	9	20	100.00
CDL-B	11	20	100.00
CDL-B	10	20	100.00
CDL-B	12	20	100.00
CDL-B	8	20	100.00
CDL-B	7	20	100.00
CDL-C	5	11	100.00
CDL-C	6	11	100.00
CDL-C	4	11	100.00
CDL-C	3	11	100.00
CDL-C	2	11	100.00
CDL-C	1	11	86.50
CDL-C	9	11	100.00
CDL-C	11	11	100.00
CDL-C	12	11	100.00
CDL-C	10	11	100.00
CDL-C	8	11	100.00
CDL-C	7	11	100.00
CDL-C	6	12	100.00
CDL-C	5	12	100.00
CDL-C	4	12	100.00
CDL-C	3	12	100.00
CDL-C	2	12	100.00
CDL-C	1	12	100.00
CDL-C	9	12	100.00
CDL-C	11	12	100.00
CDL-C	12	12	100.00
CDL-C	10	12	100.00
CDL-C	8	12	100.00
CDL-C	7	12	100.00
CDL-C	6	13	100.00
CDL-C	5	13	100.00
CDL-C	4	13	100.00
CDL-C	3	13	100.00
CDL-C	2	13	100.00
CDL-C	9	13	100.00
CDL-C	1	13	100.00
CDL-C	11	13	100.00
CDL-C	12	13	100.00
CDL-C	10	13	100.00
CDL-C	8	13	100.00
CDL-C	7	13	100.00
CDL-C	6	14	100.00
CDL-C	5	14	100.00
CDL-C	4	14	100.00
CDL-C	3	14	100.00
CDL-C	2	14	100.00
CDL-C	9	14	100.00
CDL-C	1	14	100.00
CDL-C	11	14	100.00
CDL-C	12	14	100.00
CDL-C	10	14	100.00
CDL-C	8	14	100.00
CDL-C	7	14	100.00
CDL-C	6	15	100.00
CDL-C	5	15	100.00
CDL-C	4	15	100.00
CDL-C	3	15	100.00
CDL-C	2	15	100.00
CDL-C	9	15	100.00
CDL-C	1	15	100.00
CDL-C	11	15	100.00
CDL-C	12	15	100.00
CDL-C	10	15	100.00
CDL-C	8	15	100.00
CDL-C	7	15	100.00
CDL-C	6	16	100.00
CDL-C	5	16	100.00
CDL-C	4	16	100.00
CDL-C	3	16	100.00
CDL-C	2	16	100.00
CDL-C	9	16	100.00
CDL-C	11	16	100.00
CDL-C	12	16	100.00
CDL-C	1	16	100.00
CDL-C	10	16	100.00
CDL-C	8	16	100.00
CDL-C	7	16	100.00
CDL-C	6	17	100.00
CDL-C	5	17	100.00
CDL-C	4	17	100.00
CDL-C	3	17	100.00
CDL-C	2	17	100.00
CDL-C	9	17	100.00
CDL-C	12	17	100.00
CDL-C	11	17	100.00
CDL-C	1	17	100.00
CDL-C	10	17	100.00
CDL-C	8	17	100.00
CDL-C	7	17	100.00
CDL-C	6	18	100.00
CDL-C	5	18	100.00
CDL-C	4	18	100.00
CDL-C	3	18	100.00
CDL-C	2	18	100.00
CDL-C	12	18	100.00
CDL-C	9	18	100.00
CDL-C	11	18	100.00
CDL-C	1	18	100.00
CDL-C	10	18	100.00
CDL-C	8	18	100.00
CDL-C	7	18	100.00
CDL-C	6	19	100.00
CDL-C	5	19	100.00
CDL-C	4	19	100.00
CDL-C	3	19	100.00
CDL-C	2	19	100.00
CDL-C	12	19	100.00
CDL-C	11	19	100.00
CDL-C	9	19	100.00
CDL-C	10	19	100.00
CDL-C	1	19	100.00
CDL-C	8	19	100.00
CDL-C	7	19	100.00
CDL-C	6	20	100.00
CDL-C	5	20	100.00
CDL-C	4	20	100.00
CDL-C	3	20	100.00
CDL-C	2	20	100.00
CDL-C	12	20	100.00
CDL-C	11	20	100.00
CDL-C	9	20	100.00
CDL-C	10	20	100.00
CDL-C	1	20	100.00
CDL-C	8	20	100.00
CDL-C	7	20	100.00
CDL-D	6	11	0.00
CDL-D	5	11	0.00
CDL-D	4	11	0.00
CDL-D	3	11	0.00
CDL-D	2	11	0.00
CDL-D	9	11	0.00
CDL-D	11	11	0.00
CDL-D	1	11	0.00
CDL-D	10	11	0.00
CDL-D	12	11	8.55
CDL-D	8	11	0.00
CDL-D	7	11	0.00
CDL-D	6	12	0.00
CDL-D	5	12	0.00
CDL-D	4	12	0.00
CDL-D	3	12	0.00
CDL-D	2	12	0.00
CDL-D	9	12	0.00
CDL-D	11	12	0.00
CDL-D	10	12	0.00
CDL-D	12	12	0.20
CDL-D	1	12	0.00
CDL-D	8	12	0.00
CDL-D	7	12	0.00
CDL-D	6	13	0.00
CDL-D	5	13	0.00
CDL-D	4	13	0.00
CDL-D	3	13	0.00
CDL-D	2	13	0.00
CDL-D	9	13	0.00
CDL-D	11	13	0.00
CDL-D	12	13	0.00
CDL-D	10	13	0.00
CDL-D	1	13	0.00
CDL-D	8	13	0.00
CDL-D	7	13	0.00
CDL-D	6	14	0.00
CDL-D	5	14	0.00
CDL-D	4	14	0.00
CDL-D	3	14	0.00
CDL-D	2	14	0.00
CDL-D	12	14	0.00
CDL-D	9	14	0.00
CDL-D	11	14	0.00
CDL-D	10	14	0.00
CDL-D	1	14	0.00
CDL-D	8	14	0.00
CDL-D	7	14	0.00
CDL-D	6	15	0.00
CDL-D	5	15	0.00
CDL-D	4	15	0.00
CDL-D	3	15	0.00
CDL-D	2	15	0.00
CDL-D	12	15	0.00
CDL-D	11	15	0.00
CDL-D	9	15	0.00
CDL-D	10	15	0.00
CDL-D	1	15	0.00
CDL-D	8	15	0.00
CDL-D	7	15	0.00
CDL-D	6	16	0.00
CDL-D	5	16	0.00
CDL-D	4	16	0.00
CDL-D	3	16	0.00
CDL-D	2	16	0.00
CDL-D	12	16	0.00
CDL-D	11	16	0.00
CDL-D	9	16	0.00
CDL-D	10	16	0.00
CDL-D	1	16	0.00
CDL-D	8	16	0.00
CDL-D	7	16	0.00
CDL-D	6	17	0.00
CDL-D	5	17	0.00
CDL-D	4	17	0.00
CDL-D	3	17	0.00
CDL-D	2	17	0.00
CDL-D	12	17	0.00
CDL-D	11	17	0.00
CDL-D	10	17	0.00
CDL-D	9	17	0.00
CDL-D	1	17	0.00
CDL-D	8	17	0.00
CDL-D	7	17	0.00
CDL-D	6	18	0.00
CDL-D	5	18	0.00
CDL-D	4	18	0.00
CDL-D	3	18	0.00
CDL-D	2	18	0.00
CDL-D	12	18	0.00
CDL-D	11	18	0.00
CDL-D	9	18	0.00
CDL-D	10	18	0.00
CDL-D	1	18	0.00
CDL-D	8	18	0.00
CDL-D	7	18	0.00
CDL-D	6	19	0.00
CDL-D	5	19	0.00
CDL-D	4	19	0.00
CDL-D	3	19	0.00
CDL-D	2	19	0.00
CDL-D	12	19	0.00
CDL-D	11	19	0.00
CDL-D	10	19	0.00
CDL-D	9	19	0.00
CDL-D	1	19	0.00
CDL-D	8	19	0.00
CDL-D	7	19	0.00
CDL-D	6	20	0.00
CDL-D	5	20	0.00
CDL-D	4	20	0.00
CDL-D	3	20	0.00
CDL-D	2	20	0.00
CDL-D	12	20	0.00
CDL-D	11	20	0.00
CDL-D	10	20	0.00
CDL-D	9	20	0.00
CDL-D	1	20	0.00
CDL-D	8	20	0.00
CDL-D	7	20	0.00
CDL-E	6	11	0.00
CDL-E	5	11	0.00
CDL-E	4	11	0.00
CDL-E	3	11	0.00
CDL-E	2	11	0.00
CDL-E	9	11	0.00
CDL-E	1	11	0.00
CDL-E	10	11	0.00
CDL-E	11	11	72.90
CDL-E	8	11	0.00
CDL-E	12	11	100.00
CDL-E	7	11	0.00
CDL-E	6	12	0.00
CDL-E	5	12	0.00
CDL-E	4	12	0.00
CDL-E	3	12	0.00
CDL-E	2	12	0.00
CDL-E	9	12	0.00
CDL-E	1	12	0.00
CDL-E	10	12	0.00
CDL-E	11	12	45.70
CDL-E	8	12	0.00
CDL-E	12	12	100.00
CDL-E	7	12	0.00
CDL-E	6	13	0.00
CDL-E	5	13	0.00
CDL-E	4	13	0.00
CDL-E	3	13	0.00
CDL-E	2	13	0.00
CDL-E	9	13	0.00
CDL-E	1	13	0.00
CDL-E	11	13	23.00
CDL-E	10	13	0.00
CDL-E	8	13	0.00
CDL-E	12	13	100.00
CDL-E	7	13	0.00
CDL-E	6	14	0.00
CDL-E	5	14	0.00
CDL-E	4	14	0.00
CDL-E	3	14	0.00
CDL-E	2	14	0.00
CDL-E	9	14	0.00
CDL-E	1	14	0.00
CDL-E	10	14	0.00
CDL-E	11	14	12.10
CDL-E	8	14	0.00
CDL-E	12	14	100.00
CDL-E	7	14	0.00
CDL-E	6	15	0.00
CDL-E	5	15	0.00
CDL-E	4	15	0.00
CDL-E	3	15	0.00
CDL-E	2	15	0.00
CDL-E	9	15	0.00
CDL-E	1	15	0.00
CDL-E	11	15	6.00
CDL-E	10	15	0.00
CDL-E	8	15	0.00
CDL-E	12	15	100.00
CDL-E	7	15	0.00
CDL-E	6	16	0.00
CDL-E	5	16	0.00
CDL-E	4	16	0.00
CDL-E	3	16	0.00
CDL-E	2	16	0.00
CDL-E	9	16	0.00
CDL-E	10	16	0.00
CDL-E	1	16	0.00
CDL-E	11	16	2.85
CDL-E	8	16	0.00
CDL-E	12	16	100.00
CDL-E	7	16	0.00
CDL-E	6	17	0.00
CDL-E	5	17	0.00
CDL-E	4	17	0.00
CDL-E	3	17	0.00
CDL-E	2	17	0.00
CDL-E	9	17	0.00
CDL-E	11	17	2.05
CDL-E	10	17	0.00
CDL-E	1	17	0.00
CDL-E	8	17	0.00
CDL-E	12	17	100.00
CDL-E	7	17	0.00
CDL-E	6	18	0.00
CDL-E	5	18	0.00
CDL-E	4	18	0.00
CDL-E	3	18	0.00
CDL-E	2	18	0.00
CDL-E	9	18	0.00
CDL-E	11	18	1.15
CDL-E	10	18	0.00
CDL-E	1	18	0.00
CDL-E	12	18	100.00
CDL-E	8	18	0.00
CDL-E	7	18	0.00
CDL-E	6	19	0.00
CDL-E	5	19	0.00
CDL-E	4	19	0.00
CDL-E	3	19	0.00
CDL-E	2	19	0.00
CDL-E	9	19	0.00
CDL-E	11	19	1.10
CDL-E	10	19	0.00
CDL-E	1	19	0.00
CDL-E	12	19	100.00
CDL-E	8	19	0.00
CDL-E	7	19	0.00
CDL-E	6	20	0.00
CDL-E	5	20	0.00
CDL-E	4	20	0.00
CDL-E	3	20	0.00
CDL-E	2	20	0.00
CDL-E	9	20	0.00
CDL-E	11	20	0.60
CDL-E	10	20	0.00
CDL-E	1	20	0.00
CDL-E	12	20	99.95
CDL-E	8	20	0.00
CDL-E	7	20	0.00
Elapsed time is 63876.417276 seconds.
